<?xml version="1.0" encoding="UTF-8"?>
<coverage generated="1536975751998" clover="3.2.0">
  <project timestamp="1536975751998" name="All files">
    <metrics statements="189" coveredstatements="189" conditionals="85" coveredconditionals="52" methods="44" coveredmethods="38" elements="318" coveredelements="279" complexity="0" loc="189" ncloc="189" packages="9" files="9" classes="9">
      <package name="source">
        <metrics statements="0" coveredstatements="0" conditionals="0" coveredconditionals="0" methods="0" coveredmethods="0"/>
        <file name="index.js" path="/Users/tandemseven/T7/t7-components/forms/source/index.js">
          <metrics statements="0" coveredstatements="0" conditionals="0" coveredconditionals="0" methods="0" coveredmethods="0"/>
        </file>
      </package>
      <package name="source.button">
        <metrics statements="19" coveredstatements="19" conditionals="15" coveredconditionals="13" methods="4" coveredmethods="3"/>
        <file name="button.js" path="/Users/tandemseven/T7/t7-components/forms/source/button/button.js">
          <metrics statements="19" coveredstatements="19" conditionals="15" coveredconditionals="13" methods="4" coveredmethods="3"/>
          <line num="14" count="2" type="stmt"/>
          <line num="17" count="2" type="stmt"/>
          <line num="23" count="1" type="stmt"/>
          <line num="26" count="1" type="stmt"/>
          <line num="42" count="2" type="stmt"/>
          <line num="45" count="2" type="stmt"/>
          <line num="52" count="2" type="cond" truecount="2" falsecount="0"/>
          <line num="53" count="1" type="stmt"/>
          <line num="56" count="1" type="cond" truecount="3" falsecount="1"/>
          <line num="57" count="1" type="stmt"/>
          <line num="62" count="2" type="stmt"/>
          <line num="85" count="2" type="stmt"/>
          <line num="101" count="2" type="stmt"/>
          <line num="109" count="2" type="stmt"/>
          <line num="115" count="2" type="cond" truecount="2" falsecount="0"/>
          <line num="117" count="1" type="stmt"/>
          <line num="125" count="2" type="stmt"/>
          <line num="130" count="9" type="stmt"/>
          <line num="147" count="9" type="stmt"/>
        </file>
      </package>
      <package name="source.checkbox">
        <metrics statements="33" coveredstatements="33" conditionals="13" coveredconditionals="10" methods="6" coveredmethods="5"/>
        <file name="checkbox.js" path="/Users/tandemseven/T7/t7-components/forms/source/checkbox/checkbox.js">
          <metrics statements="33" coveredstatements="33" conditionals="13" coveredconditionals="10" methods="6" coveredmethods="5"/>
          <line num="16" count="2" type="stmt"/>
          <line num="19" count="2" type="stmt"/>
          <line num="22" count="2" type="stmt"/>
          <line num="31" count="2" type="stmt"/>
          <line num="33" count="2" type="stmt"/>
          <line num="42" count="4" type="stmt"/>
          <line num="43" count="4" type="stmt"/>
          <line num="46" count="4" type="stmt"/>
          <line num="49" count="4" type="cond" truecount="2" falsecount="0"/>
          <line num="53" count="1" type="stmt"/>
          <line num="59" count="4" type="stmt"/>
          <line num="65" count="1" type="stmt"/>
          <line num="71" count="1" type="stmt"/>
          <line num="73" count="1" type="stmt"/>
          <line num="78" count="1" type="stmt"/>
          <line num="87" count="3" type="stmt"/>
          <line num="98" count="3" type="stmt"/>
          <line num="101" count="3" type="stmt"/>
          <line num="109" count="3" type="cond" truecount="2" falsecount="0"/>
          <line num="110" count="2" type="stmt"/>
          <line num="111" count="2" type="stmt"/>
          <line num="112" count="2" type="stmt"/>
          <line num="115" count="1" type="cond" truecount="1" falsecount="1"/>
          <line num="116" count="1" type="stmt"/>
          <line num="117" count="1" type="stmt"/>
          <line num="118" count="1" type="stmt"/>
          <line num="122" count="3" type="stmt"/>
          <line num="135" count="3" type="cond" truecount="2" falsecount="0"/>
          <line num="136" count="1" type="stmt"/>
          <line num="140" count="2" type="stmt"/>
          <line num="144" count="3" type="stmt"/>
          <line num="163" count="9" type="stmt"/>
          <line num="186" count="9" type="stmt"/>
        </file>
      </package>
      <package name="source.input">
        <metrics statements="29" coveredstatements="29" conditionals="15" coveredconditionals="7" methods="6" coveredmethods="5"/>
        <file name="input.js" path="/Users/tandemseven/T7/t7-components/forms/source/input/input.js">
          <metrics statements="29" coveredstatements="29" conditionals="15" coveredconditionals="7" methods="6" coveredmethods="5"/>
          <line num="20" count="1" type="stmt"/>
          <line num="23" count="1" type="stmt"/>
          <line num="26" count="1" type="stmt"/>
          <line num="35" count="1" type="stmt"/>
          <line num="37" count="1" type="stmt"/>
          <line num="46" count="3" type="stmt"/>
          <line num="47" count="3" type="stmt"/>
          <line num="50" count="3" type="stmt"/>
          <line num="53" count="3" type="cond" truecount="2" falsecount="0"/>
          <line num="57" count="2" type="stmt"/>
          <line num="63" count="3" type="stmt"/>
          <line num="72" count="1" type="stmt"/>
          <line num="77" count="1" type="stmt"/>
          <line num="80" count="1" type="cond" truecount="1" falsecount="1"/>
          <line num="81" count="1" type="stmt"/>
          <line num="85" count="1" type="stmt"/>
          <line num="88" count="1" type="stmt"/>
          <line num="97" count="2" type="stmt"/>
          <line num="112" count="2" type="stmt"/>
          <line num="115" count="2" type="stmt"/>
          <line num="118" count="2" type="stmt"/>
          <line num="120" count="2" type="cond" truecount="1" falsecount="1"/>
          <line num="124" count="2" type="stmt"/>
          <line num="128" count="2" type="stmt"/>
          <line num="131" count="2" type="stmt"/>
          <line num="138" count="2" type="stmt"/>
          <line num="156" count="2" type="stmt"/>
          <line num="173" count="9" type="stmt"/>
          <line num="201" count="9" type="stmt"/>
        </file>
      </package>
      <package name="source.label">
        <metrics statements="3" coveredstatements="3" conditionals="0" coveredconditionals="0" methods="1" coveredmethods="1"/>
        <file name="label.js" path="/Users/tandemseven/T7/t7-components/forms/source/label/label.js">
          <metrics statements="3" coveredstatements="3" conditionals="0" coveredconditionals="0" methods="1" coveredmethods="1"/>
          <line num="15" count="10" type="stmt"/>
          <line num="18" count="10" type="stmt"/>
          <line num="45" count="9" type="stmt"/>
        </file>
      </package>
      <package name="source.radio">
        <metrics statements="1" coveredstatements="1" conditionals="0" coveredconditionals="0" methods="1" coveredmethods="1"/>
        <file name="radio.js" path="/Users/tandemseven/T7/t7-components/forms/source/radio/radio.js">
          <metrics statements="1" coveredstatements="1" conditionals="0" coveredconditionals="0" methods="1" coveredmethods="1"/>
          <line num="12" count="1" type="stmt"/>
        </file>
      </package>
      <package name="source.select">
        <metrics statements="32" coveredstatements="32" conditionals="12" coveredconditionals="5" methods="8" coveredmethods="7"/>
        <file name="select.js" path="/Users/tandemseven/T7/t7-components/forms/source/select/select.js">
          <metrics statements="32" coveredstatements="32" conditionals="12" coveredconditionals="5" methods="8" coveredmethods="7"/>
          <line num="19" count="1" type="stmt"/>
          <line num="22" count="1" type="stmt"/>
          <line num="25" count="1" type="stmt"/>
          <line num="34" count="1" type="stmt"/>
          <line num="36" count="1" type="stmt"/>
          <line num="45" count="3" type="stmt"/>
          <line num="46" count="3" type="stmt"/>
          <line num="49" count="3" type="stmt"/>
          <line num="52" count="3" type="cond" truecount="2" falsecount="0"/>
          <line num="56" count="1" type="stmt"/>
          <line num="62" count="3" type="stmt"/>
          <line num="70" count="1" type="stmt"/>
          <line num="75" count="1" type="stmt"/>
          <line num="78" count="1" type="stmt"/>
          <line num="81" count="1" type="stmt"/>
          <line num="87" count="2" type="stmt"/>
          <line num="90" count="2" type="cond" truecount="0" falsecount="1"/>
          <line num="95" count="4" type="stmt"/>
          <line num="98" count="4" type="stmt"/>
          <line num="109" count="2" type="stmt"/>
          <line num="118" count="2" type="stmt"/>
          <line num="129" count="2" type="stmt"/>
          <line num="132" count="2" type="stmt"/>
          <line num="135" count="2" type="stmt"/>
          <line num="137" count="2" type="cond" truecount="1" falsecount="1"/>
          <line num="138" count="2" type="stmt"/>
          <line num="142" count="2" type="stmt"/>
          <line num="145" count="2" type="stmt"/>
          <line num="152" count="2" type="stmt"/>
          <line num="165" count="2" type="stmt"/>
          <line num="182" count="9" type="stmt"/>
          <line num="204" count="9" type="stmt"/>
        </file>
      </package>
      <package name="source.textarea">
        <metrics statements="26" coveredstatements="26" conditionals="11" coveredconditionals="5" methods="7" coveredmethods="6"/>
        <file name="textarea.js" path="/Users/tandemseven/T7/t7-components/forms/source/textarea/textarea.js">
          <metrics statements="26" coveredstatements="26" conditionals="11" coveredconditionals="5" methods="7" coveredmethods="6"/>
          <line num="20" count="1" type="stmt"/>
          <line num="23" count="1" type="stmt"/>
          <line num="26" count="1" type="stmt"/>
          <line num="35" count="1" type="stmt"/>
          <line num="37" count="1" type="stmt"/>
          <line num="46" count="3" type="stmt"/>
          <line num="47" count="3" type="stmt"/>
          <line num="50" count="3" type="stmt"/>
          <line num="53" count="3" type="cond" truecount="2" falsecount="0"/>
          <line num="57" count="2" type="stmt"/>
          <line num="63" count="3" type="stmt"/>
          <line num="68" count="1" type="stmt"/>
          <line num="77" count="1" type="stmt"/>
          <line num="82" count="1" type="stmt"/>
          <line num="85" count="1" type="cond" truecount="1" falsecount="1"/>
          <line num="86" count="1" type="stmt"/>
          <line num="90" count="1" type="stmt"/>
          <line num="93" count="1" type="stmt"/>
          <line num="102" count="2" type="stmt"/>
          <line num="114" count="2" type="stmt"/>
          <line num="117" count="2" type="stmt"/>
          <line num="120" count="2" type="stmt"/>
          <line num="127" count="2" type="stmt"/>
          <line num="143" count="2" type="stmt"/>
          <line num="160" count="9" type="stmt"/>
          <line num="185" count="9" type="stmt"/>
        </file>
      </package>
      <package name="source.textdiv">
        <metrics statements="46" coveredstatements="46" conditionals="19" coveredconditionals="12" methods="11" coveredmethods="10"/>
        <file name="textdiv.js" path="/Users/tandemseven/T7/t7-components/forms/source/textdiv/textdiv.js">
          <metrics statements="46" coveredstatements="46" conditionals="19" coveredconditionals="12" methods="11" coveredmethods="10"/>
          <line num="25" count="1" type="stmt"/>
          <line num="28" count="1" type="stmt"/>
          <line num="31" count="1" type="stmt"/>
          <line num="41" count="16" type="stmt"/>
          <line num="45" count="16" type="cond" truecount="1" falsecount="1"/>
          <line num="49" count="16" type="stmt"/>
          <line num="59" count="4" type="stmt"/>
          <line num="60" count="4" type="stmt"/>
          <line num="63" count="4" type="stmt"/>
          <line num="66" count="4" type="cond" truecount="2" falsecount="0"/>
          <line num="70" count="1" type="stmt"/>
          <line num="77" count="4" type="stmt"/>
          <line num="82" count="1" type="stmt"/>
          <line num="87" count="2" type="cond" truecount="2" falsecount="0"/>
          <line num="88" count="1" type="stmt"/>
          <line num="91" count="1" type="stmt"/>
          <line num="93" count="1" type="stmt"/>
          <line num="101" count="1" type="stmt"/>
          <line num="104" count="1" type="stmt"/>
          <line num="109" count="1" type="stmt"/>
          <line num="113" count="1" type="cond" truecount="1" falsecount="1"/>
          <line num="117" count="1" type="stmt"/>
          <line num="119" count="1" type="stmt"/>
          <line num="120" count="1" type="stmt"/>
          <line num="125" count="1" type="stmt"/>
          <line num="126" count="1" type="stmt"/>
          <line num="131" count="1" type="stmt"/>
          <line num="132" count="1" type="stmt"/>
          <line num="138" count="5" type="stmt"/>
          <line num="143" count="5" type="stmt"/>
          <line num="148" count="5" type="stmt"/>
          <line num="151" count="5" type="stmt"/>
          <line num="154" count="5" type="cond" truecount="2" falsecount="0"/>
          <line num="155" count="1" type="stmt"/>
          <line num="159" count="5" type="stmt"/>
          <line num="168" count="3" type="stmt"/>
          <line num="178" count="3" type="stmt"/>
          <line num="181" count="3" type="stmt"/>
          <line num="184" count="3" type="stmt"/>
          <line num="190" count="3" type="stmt"/>
          <line num="201" count="3" type="stmt"/>
          <line num="204" count="3" type="stmt"/>
          <line num="211" count="3" type="stmt"/>
          <line num="231" count="3" type="stmt"/>
          <line num="248" count="9" type="stmt"/>
          <line num="268" count="9" type="stmt"/>
        </file>
      </package>
    </metrics>
  </project>
</coverage>
