<?xml version="1.0" encoding="UTF-8"?>
<coverage generated="1538076864880" clover="3.2.0">
  <project timestamp="1538076864880" name="All files">
    <metrics statements="332" coveredstatements="332" conditionals="173" coveredconditionals="115" methods="81" coveredmethods="72" elements="586" coveredelements="519" complexity="0" loc="332" ncloc="332" packages="23" files="23" classes="23">
      <package name="source">
        <metrics statements="0" coveredstatements="0" conditionals="0" coveredconditionals="0" methods="0" coveredmethods="0"/>
        <file name="index.js" path="/Users/tandemseven/T7/t7-components/forms/source/index.js">
          <metrics statements="0" coveredstatements="0" conditionals="0" coveredconditionals="0" methods="0" coveredmethods="0"/>
        </file>
      </package>
      <package name="source.button">
        <metrics statements="19" coveredstatements="19" conditionals="15" coveredconditionals="13" methods="4" coveredmethods="3"/>
        <file name="button.js" path="/Users/tandemseven/T7/t7-components/forms/source/button/button.js">
          <metrics statements="19" coveredstatements="19" conditionals="15" coveredconditionals="13" methods="4" coveredmethods="3"/>
          <line num="14" count="2" type="stmt"/>
          <line num="17" count="2" type="stmt"/>
          <line num="23" count="1" type="stmt"/>
          <line num="26" count="1" type="stmt"/>
          <line num="42" count="2" type="stmt"/>
          <line num="45" count="2" type="stmt"/>
          <line num="52" count="2" type="cond" truecount="2" falsecount="0"/>
          <line num="53" count="1" type="stmt"/>
          <line num="56" count="1" type="cond" truecount="3" falsecount="1"/>
          <line num="57" count="1" type="stmt"/>
          <line num="62" count="2" type="stmt"/>
          <line num="86" count="2" type="stmt"/>
          <line num="102" count="2" type="stmt"/>
          <line num="110" count="2" type="stmt"/>
          <line num="116" count="2" type="cond" truecount="2" falsecount="0"/>
          <line num="118" count="1" type="stmt"/>
          <line num="126" count="2" type="stmt"/>
          <line num="131" count="23" type="stmt"/>
          <line num="148" count="23" type="stmt"/>
        </file>
      </package>
      <package name="source.checkbox">
        <metrics statements="28" coveredstatements="28" conditionals="18" coveredconditionals="13" methods="6" coveredmethods="5"/>
        <file name="checkbox.js" path="/Users/tandemseven/T7/t7-components/forms/source/checkbox/checkbox.js">
          <metrics statements="28" coveredstatements="28" conditionals="18" coveredconditionals="13" methods="6" coveredmethods="5"/>
          <line num="17" count="2" type="stmt"/>
          <line num="20" count="2" type="stmt"/>
          <line num="23" count="2" type="stmt"/>
          <line num="32" count="2" type="stmt"/>
          <line num="34" count="2" type="stmt"/>
          <line num="44" count="4" type="stmt"/>
          <line num="47" count="4" type="stmt"/>
          <line num="50" count="4" type="stmt"/>
          <line num="53" count="4" type="cond" truecount="2" falsecount="0"/>
          <line num="57" count="1" type="stmt"/>
          <line num="64" count="4" type="stmt"/>
          <line num="72" count="1" type="stmt"/>
          <line num="78" count="1" type="stmt"/>
          <line num="80" count="1" type="stmt"/>
          <line num="85" count="1" type="stmt"/>
          <line num="94" count="3" type="stmt"/>
          <line num="109" count="3" type="stmt"/>
          <line num="112" count="3" type="stmt"/>
          <line num="116" count="3" type="stmt"/>
          <line num="120" count="3" type="stmt"/>
          <line num="136" count="3" type="stmt"/>
          <line num="152" count="3" type="stmt"/>
          <line num="172" count="3" type="cond" truecount="2" falsecount="0"/>
          <line num="173" count="1" type="stmt"/>
          <line num="177" count="2" type="stmt"/>
          <line num="181" count="3" type="stmt"/>
          <line num="200" count="23" type="stmt"/>
          <line num="227" count="23" type="stmt"/>
        </file>
      </package>
      <package name="source.error_message">
        <metrics statements="6" coveredstatements="6" conditionals="0" coveredconditionals="0" methods="1" coveredmethods="1"/>
        <file name="error_message.js" path="/Users/tandemseven/T7/t7-components/forms/source/error_message/error_message.js">
          <metrics statements="6" coveredstatements="6" conditionals="0" coveredconditionals="0" methods="1" coveredmethods="1"/>
          <line num="17" count="28" type="stmt"/>
          <line num="19" count="28" type="stmt"/>
          <line num="20" count="28" type="stmt"/>
          <line num="23" count="28" type="stmt"/>
          <line num="38" count="28" type="stmt"/>
          <line num="49" count="23" type="stmt"/>
        </file>
      </package>
      <package name="source.input">
        <metrics statements="50" coveredstatements="50" conditionals="37" coveredconditionals="25" methods="9" coveredmethods="8"/>
        <file name="input.js" path="/Users/tandemseven/T7/t7-components/forms/source/input/input.js">
          <metrics statements="50" coveredstatements="50" conditionals="37" coveredconditionals="25" methods="9" coveredmethods="8"/>
          <line num="24" count="15" type="stmt"/>
          <line num="27" count="15" type="stmt"/>
          <line num="30" count="15" type="stmt"/>
          <line num="40" count="15" type="stmt"/>
          <line num="42" count="15" type="stmt"/>
          <line num="55" count="23" type="stmt"/>
          <line num="58" count="23" type="stmt"/>
          <line num="61" count="23" type="stmt"/>
          <line num="64" count="23" type="cond" truecount="2" falsecount="0"/>
          <line num="68" count="1" type="stmt"/>
          <line num="75" count="23" type="stmt"/>
          <line num="83" count="3" type="stmt"/>
          <line num="86" count="3" type="stmt"/>
          <line num="93" count="3" type="cond" truecount="1" falsecount="1"/>
          <line num="98" count="3" type="stmt"/>
          <line num="99" count="3" type="stmt"/>
          <line num="103" count="3" type="stmt"/>
          <line num="106" count="3" type="stmt"/>
          <line num="108" count="3" type="cond" truecount="1" falsecount="1"/>
          <line num="117" count="3" type="stmt"/>
          <line num="120" count="3" type="stmt"/>
          <line num="126" count="3" type="stmt"/>
          <line num="132" count="3" type="cond" truecount="2" falsecount="0"/>
          <line num="133" count="3" type="cond" truecount="2" falsecount="0"/>
          <line num="137" count="3" type="cond" truecount="4" falsecount="0"/>
          <line num="144" count="3" type="stmt"/>
          <line num="147" count="3" type="cond" truecount="1" falsecount="1"/>
          <line num="148" count="3" type="stmt"/>
          <line num="154" count="3" type="stmt"/>
          <line num="163" count="2" type="stmt"/>
          <line num="168" count="2" type="stmt"/>
          <line num="171" count="2" type="cond" truecount="2" falsecount="0"/>
          <line num="172" count="1" type="stmt"/>
          <line num="176" count="2" type="stmt"/>
          <line num="179" count="2" type="stmt"/>
          <line num="182" count="2" type="stmt"/>
          <line num="191" count="22" type="stmt"/>
          <line num="215" count="22" type="stmt"/>
          <line num="218" count="22" type="stmt"/>
          <line num="221" count="22" type="stmt"/>
          <line num="226" count="22" type="cond" truecount="2" falsecount="0"/>
          <line num="230" count="3" type="stmt"/>
          <line num="234" count="22" type="stmt"/>
          <line num="239" count="22" type="stmt"/>
          <line num="246" count="22" type="stmt"/>
          <line num="257" count="22" type="stmt"/>
          <line num="276" count="22" type="stmt"/>
          <line num="297" count="23" type="stmt"/>
          <line num="341" count="23" type="stmt"/>
          <line num="349" count="4" type="stmt"/>
        </file>
      </package>
      <package name="source.input_alphanumeric">
        <metrics statements="1" coveredstatements="1" conditionals="0" coveredconditionals="0" methods="1" coveredmethods="1"/>
        <file name="input_alphanumeric.js" path="/Users/tandemseven/T7/t7-components/forms/source/input_alphanumeric/input_alphanumeric.js">
          <metrics statements="1" coveredstatements="1" conditionals="0" coveredconditionals="0" methods="1" coveredmethods="1"/>
          <line num="17" count="1" type="stmt"/>
        </file>
      </package>
      <package name="source.input_date">
        <metrics statements="64" coveredstatements="64" conditionals="26" coveredconditionals="20" methods="11" coveredmethods="10"/>
        <file name="input_date.js" path="/Users/tandemseven/T7/t7-components/forms/source/input_date/input_date.js">
          <metrics statements="64" coveredstatements="64" conditionals="26" coveredconditionals="20" methods="11" coveredmethods="10"/>
          <line num="17" count="23" type="stmt"/>
          <line num="18" count="23" type="stmt"/>
          <line num="20" count="23" type="stmt"/>
          <line num="21" count="23" type="stmt"/>
          <line num="23" count="23" type="stmt"/>
          <line num="24" count="23" type="stmt"/>
          <line num="26" count="23" type="stmt"/>
          <line num="27" count="23" type="stmt"/>
          <line num="29" count="23" type="stmt"/>
          <line num="34" count="23" type="stmt"/>
          <line num="39" count="23" type="stmt"/>
          <line num="60" count="22" type="stmt"/>
          <line num="61" count="22" type="stmt"/>
          <line num="65" count="22" type="cond" truecount="2" falsecount="0"/>
          <line num="71" count="22" type="cond" truecount="2" falsecount="0"/>
          <line num="72" count="6" type="stmt"/>
          <line num="76" count="22" type="stmt"/>
          <line num="82" count="26" type="stmt"/>
          <line num="85" count="26" type="stmt"/>
          <line num="86" count="26" type="stmt"/>
          <line num="89" count="26" type="stmt"/>
          <line num="92" count="26" type="stmt"/>
          <line num="98" count="18" type="stmt"/>
          <line num="102" count="18" type="stmt"/>
          <line num="107" count="18" type="stmt"/>
          <line num="111" count="18" type="stmt"/>
          <line num="114" count="18" type="stmt"/>
          <line num="116" count="18" type="cond" truecount="2" falsecount="0"/>
          <line num="120" count="1" type="stmt"/>
          <line num="124" count="18" type="stmt"/>
          <line num="130" count="40" type="stmt"/>
          <line num="131" count="40" type="stmt"/>
          <line num="134" count="40" type="stmt"/>
          <line num="147" count="4" type="stmt"/>
          <line num="150" count="4" type="stmt"/>
          <line num="153" count="4" type="stmt"/>
          <line num="163" count="4" type="stmt"/>
          <line num="167" count="4" type="cond" truecount="2" falsecount="0"/>
          <line num="172" count="4" type="stmt"/>
          <line num="184" count="10" type="stmt"/>
          <line num="191" count="10" type="stmt"/>
          <line num="195" count="10" type="stmt"/>
          <line num="198" count="10" type="stmt"/>
          <line num="201" count="10" type="cond" truecount="2" falsecount="0"/>
          <line num="202" count="1" type="stmt"/>
          <line num="205" count="9" type="cond" truecount="2" falsecount="0"/>
          <line num="210" count="1" type="stmt"/>
          <line num="216" count="10" type="stmt"/>
          <line num="225" count="4" type="stmt"/>
          <line num="229" count="4" type="stmt"/>
          <line num="233" count="4" type="cond" truecount="2" falsecount="0"/>
          <line num="238" count="4" type="stmt"/>
          <line num="241" count="4" type="stmt"/>
          <line num="246" count="8" type="stmt"/>
          <line num="249" count="8" type="stmt"/>
          <line num="255" count="8" type="stmt"/>
          <line num="258" count="8" type="stmt"/>
          <line num="260" count="8" type="stmt"/>
          <line num="261" count="8" type="stmt"/>
          <line num="264" count="8" type="stmt"/>
          <line num="267" count="8" type="stmt"/>
          <line num="270" count="8" type="stmt"/>
          <line num="286" count="23" type="stmt"/>
          <line num="296" count="23" type="stmt"/>
        </file>
      </package>
      <package name="source.input_date_uk">
        <metrics statements="1" coveredstatements="1" conditionals="0" coveredconditionals="0" methods="1" coveredmethods="1"/>
        <file name="input_date_uk.js" path="/Users/tandemseven/T7/t7-components/forms/source/input_date_uk/input_date_uk.js">
          <metrics statements="1" coveredstatements="1" conditionals="0" coveredconditionals="0" methods="1" coveredmethods="1"/>
          <line num="12" count="1" type="stmt"/>
        </file>
      </package>
      <package name="source.input_date_us">
        <metrics statements="1" coveredstatements="1" conditionals="0" coveredconditionals="0" methods="1" coveredmethods="1"/>
        <file name="input_date_us.js" path="/Users/tandemseven/T7/t7-components/forms/source/input_date_us/input_date_us.js">
          <metrics statements="1" coveredstatements="1" conditionals="0" coveredconditionals="0" methods="1" coveredmethods="1"/>
          <line num="12" count="1" type="stmt"/>
        </file>
      </package>
      <package name="source.input_integer">
        <metrics statements="1" coveredstatements="1" conditionals="0" coveredconditionals="0" methods="1" coveredmethods="1"/>
        <file name="input_integer.js" path="/Users/tandemseven/T7/t7-components/forms/source/input_integer/input_integer.js">
          <metrics statements="1" coveredstatements="1" conditionals="0" coveredconditionals="0" methods="1" coveredmethods="1"/>
          <line num="17" count="1" type="stmt"/>
        </file>
      </package>
      <package name="source.input_money">
        <metrics statements="15" coveredstatements="15" conditionals="6" coveredconditionals="2" methods="5" coveredmethods="4"/>
        <file name="input_money.js" path="/Users/tandemseven/T7/t7-components/forms/source/input_money/input_money.js">
          <metrics statements="15" coveredstatements="15" conditionals="6" coveredconditionals="2" methods="5" coveredmethods="4"/>
          <line num="18" count="7" type="stmt"/>
          <line num="21" count="7" type="stmt"/>
          <line num="27" count="1" type="stmt"/>
          <line num="30" count="1" type="cond" truecount="1" falsecount="1"/>
          <line num="31" count="1" type="stmt"/>
          <line num="32" count="1" type="stmt"/>
          <line num="36" count="1" type="stmt"/>
          <line num="37" count="1" type="cond" truecount="1" falsecount="1"/>
          <line num="40" count="1" type="stmt"/>
          <line num="46" count="1" type="stmt"/>
          <line num="49" count="1" type="stmt"/>
          <line num="55" count="7" type="stmt"/>
          <line num="58" count="7" type="stmt"/>
          <line num="69" count="23" type="stmt"/>
          <line num="77" count="23" type="stmt"/>
        </file>
      </package>
      <package name="source.input_money_de">
        <metrics statements="1" coveredstatements="1" conditionals="0" coveredconditionals="0" methods="1" coveredmethods="1"/>
        <file name="input_money_de.js" path="/Users/tandemseven/T7/t7-components/forms/source/input_money_de/input_money_de.js">
          <metrics statements="1" coveredstatements="1" conditionals="0" coveredconditionals="0" methods="1" coveredmethods="1"/>
          <line num="17" count="1" type="stmt"/>
        </file>
      </package>
      <package name="source.input_money_in">
        <metrics statements="1" coveredstatements="1" conditionals="0" coveredconditionals="0" methods="1" coveredmethods="1"/>
        <file name="input_money_in.js" path="/Users/tandemseven/T7/t7-components/forms/source/input_money_in/input_money_in.js">
          <metrics statements="1" coveredstatements="1" conditionals="0" coveredconditionals="0" methods="1" coveredmethods="1"/>
          <line num="17" count="1" type="stmt"/>
        </file>
      </package>
      <package name="source.input_money_jp">
        <metrics statements="1" coveredstatements="1" conditionals="0" coveredconditionals="0" methods="1" coveredmethods="1"/>
        <file name="input_money_jp.js" path="/Users/tandemseven/T7/t7-components/forms/source/input_money_jp/input_money_jp.js">
          <metrics statements="1" coveredstatements="1" conditionals="0" coveredconditionals="0" methods="1" coveredmethods="1"/>
          <line num="17" count="1" type="stmt"/>
        </file>
      </package>
      <package name="source.input_money_kr">
        <metrics statements="1" coveredstatements="1" conditionals="0" coveredconditionals="0" methods="1" coveredmethods="1"/>
        <file name="input_money_kr.js" path="/Users/tandemseven/T7/t7-components/forms/source/input_money_kr/input_money_kr.js">
          <metrics statements="1" coveredstatements="1" conditionals="0" coveredconditionals="0" methods="1" coveredmethods="1"/>
          <line num="17" count="1" type="stmt"/>
        </file>
      </package>
      <package name="source.input_money_uk">
        <metrics statements="1" coveredstatements="1" conditionals="0" coveredconditionals="0" methods="1" coveredmethods="1"/>
        <file name="input_money_uk.js" path="/Users/tandemseven/T7/t7-components/forms/source/input_money_uk/input_money_uk.js">
          <metrics statements="1" coveredstatements="1" conditionals="0" coveredconditionals="0" methods="1" coveredmethods="1"/>
          <line num="17" count="1" type="stmt"/>
        </file>
      </package>
      <package name="source.input_money_us">
        <metrics statements="1" coveredstatements="1" conditionals="0" coveredconditionals="0" methods="1" coveredmethods="1"/>
        <file name="input_money_us.js" path="/Users/tandemseven/T7/t7-components/forms/source/input_money_us/input_money_us.js">
          <metrics statements="1" coveredstatements="1" conditionals="0" coveredconditionals="0" methods="1" coveredmethods="1"/>
          <line num="17" count="1" type="stmt"/>
        </file>
      </package>
      <package name="source.input_phone_us">
        <metrics statements="34" coveredstatements="34" conditionals="22" coveredconditionals="18" methods="8" coveredmethods="7"/>
        <file name="input_phone_us.js" path="/Users/tandemseven/T7/t7-components/forms/source/input_phone_us/input_phone_us.js">
          <metrics statements="34" coveredstatements="34" conditionals="22" coveredconditionals="18" methods="8" coveredmethods="7"/>
          <line num="33" count="7" type="stmt"/>
          <line num="36" count="7" type="cond" truecount="2" falsecount="0"/>
          <line num="37" count="4" type="stmt"/>
          <line num="41" count="7" type="stmt"/>
          <line num="48" count="6" type="stmt"/>
          <line num="51" count="6" type="stmt"/>
          <line num="53" count="6" type="cond" truecount="2" falsecount="0"/>
          <line num="57" count="1" type="stmt"/>
          <line num="61" count="6" type="stmt"/>
          <line num="74" count="1" type="stmt"/>
          <line num="77" count="1" type="stmt"/>
          <line num="80" count="1" type="stmt"/>
          <line num="89" count="1" type="stmt"/>
          <line num="93" count="1" type="cond" truecount="2" falsecount="0"/>
          <line num="98" count="1" type="stmt"/>
          <line num="110" count="4" type="stmt"/>
          <line num="116" count="4" type="stmt"/>
          <line num="120" count="4" type="stmt"/>
          <line num="123" count="4" type="stmt"/>
          <line num="126" count="4" type="cond" truecount="2" falsecount="0"/>
          <line num="127" count="1" type="stmt"/>
          <line num="130" count="3" type="cond" truecount="2" falsecount="0"/>
          <line num="135" count="1" type="stmt"/>
          <line num="141" count="4" type="stmt"/>
          <line num="149" count="1" type="stmt"/>
          <line num="153" count="1" type="stmt"/>
          <line num="157" count="1" type="cond" truecount="2" falsecount="0"/>
          <line num="162" count="1" type="stmt"/>
          <line num="165" count="1" type="stmt"/>
          <line num="171" count="2" type="stmt"/>
          <line num="174" count="2" type="stmt"/>
          <line num="177" count="2" type="stmt"/>
          <line num="191" count="23" type="stmt"/>
          <line num="200" count="23" type="stmt"/>
        </file>
      </package>
      <package name="source.label">
        <metrics statements="5" coveredstatements="5" conditionals="0" coveredconditionals="0" methods="1" coveredmethods="1"/>
        <file name="label.js" path="/Users/tandemseven/T7/t7-components/forms/source/label/label.js">
          <metrics statements="5" coveredstatements="5" conditionals="0" coveredconditionals="0" methods="1" coveredmethods="1"/>
          <line num="22" count="28" type="stmt"/>
          <line num="25" count="28" type="stmt"/>
          <line num="39" count="28" type="stmt"/>
          <line num="54" count="28" type="stmt"/>
          <line num="76" count="23" type="stmt"/>
        </file>
      </package>
      <package name="source.radio">
        <metrics statements="1" coveredstatements="1" conditionals="0" coveredconditionals="0" methods="1" coveredmethods="1"/>
        <file name="radio.js" path="/Users/tandemseven/T7/t7-components/forms/source/radio/radio.js">
          <metrics statements="1" coveredstatements="1" conditionals="0" coveredconditionals="0" methods="1" coveredmethods="1"/>
          <line num="12" count="1" type="stmt"/>
        </file>
      </package>
      <package name="source.select">
        <metrics statements="33" coveredstatements="33" conditionals="14" coveredconditionals="5" methods="8" coveredmethods="7"/>
        <file name="select.js" path="/Users/tandemseven/T7/t7-components/forms/source/select/select.js">
          <metrics statements="33" coveredstatements="33" conditionals="14" coveredconditionals="5" methods="8" coveredmethods="7"/>
          <line num="22" count="1" type="stmt"/>
          <line num="25" count="1" type="stmt"/>
          <line num="28" count="1" type="stmt"/>
          <line num="37" count="1" type="stmt"/>
          <line num="39" count="1" type="stmt"/>
          <line num="49" count="3" type="stmt"/>
          <line num="52" count="3" type="stmt"/>
          <line num="55" count="3" type="stmt"/>
          <line num="58" count="3" type="cond" truecount="2" falsecount="0"/>
          <line num="62" count="1" type="stmt"/>
          <line num="69" count="3" type="stmt"/>
          <line num="77" count="1" type="stmt"/>
          <line num="82" count="1" type="stmt"/>
          <line num="85" count="1" type="stmt"/>
          <line num="88" count="1" type="stmt"/>
          <line num="94" count="2" type="stmt"/>
          <line num="97" count="2" type="cond" truecount="0" falsecount="1"/>
          <line num="102" count="4" type="stmt"/>
          <line num="105" count="4" type="stmt"/>
          <line num="116" count="2" type="stmt"/>
          <line num="125" count="2" type="stmt"/>
          <line num="145" count="2" type="stmt"/>
          <line num="148" count="2" type="stmt"/>
          <line num="151" count="2" type="stmt"/>
          <line num="156" count="2" type="cond" truecount="1" falsecount="1"/>
          <line num="157" count="2" type="stmt"/>
          <line num="161" count="2" type="stmt"/>
          <line num="164" count="2" type="stmt"/>
          <line num="171" count="2" type="stmt"/>
          <line num="182" count="2" type="stmt"/>
          <line num="196" count="2" type="stmt"/>
          <line num="217" count="23" type="stmt"/>
          <line num="247" count="23" type="stmt"/>
        </file>
      </package>
      <package name="source.textarea">
        <metrics statements="28" coveredstatements="28" conditionals="13" coveredconditionals="5" methods="7" coveredmethods="6"/>
        <file name="textarea.js" path="/Users/tandemseven/T7/t7-components/forms/source/textarea/textarea.js">
          <metrics statements="28" coveredstatements="28" conditionals="13" coveredconditionals="5" methods="7" coveredmethods="6"/>
          <line num="24" count="1" type="stmt"/>
          <line num="27" count="1" type="stmt"/>
          <line num="30" count="1" type="stmt"/>
          <line num="39" count="1" type="stmt"/>
          <line num="41" count="1" type="stmt"/>
          <line num="51" count="3" type="stmt"/>
          <line num="54" count="3" type="stmt"/>
          <line num="57" count="3" type="stmt"/>
          <line num="60" count="3" type="cond" truecount="2" falsecount="0"/>
          <line num="64" count="1" type="stmt"/>
          <line num="71" count="3" type="stmt"/>
          <line num="76" count="1" type="stmt"/>
          <line num="85" count="1" type="stmt"/>
          <line num="90" count="1" type="stmt"/>
          <line num="93" count="1" type="cond" truecount="1" falsecount="1"/>
          <line num="94" count="1" type="stmt"/>
          <line num="98" count="1" type="stmt"/>
          <line num="101" count="1" type="stmt"/>
          <line num="110" count="2" type="stmt"/>
          <line num="131" count="2" type="stmt"/>
          <line num="134" count="2" type="stmt"/>
          <line num="137" count="2" type="stmt"/>
          <line num="145" count="2" type="stmt"/>
          <line num="152" count="2" type="stmt"/>
          <line num="163" count="2" type="stmt"/>
          <line num="180" count="2" type="stmt"/>
          <line num="201" count="23" type="stmt"/>
          <line num="234" count="23" type="stmt"/>
        </file>
      </package>
      <package name="source.textdiv">
        <metrics statements="39" coveredstatements="39" conditionals="22" coveredconditionals="14" methods="10" coveredmethods="9"/>
        <file name="textdiv.js" path="/Users/tandemseven/T7/t7-components/forms/source/textdiv/textdiv.js">
          <metrics statements="39" coveredstatements="39" conditionals="22" coveredconditionals="14" methods="10" coveredmethods="9"/>
          <line num="28" count="1" type="stmt"/>
          <line num="31" count="1" type="stmt"/>
          <line num="34" count="1" type="stmt"/>
          <line num="43" count="18" type="stmt"/>
          <line num="45" count="18" type="stmt"/>
          <line num="55" count="2" type="stmt"/>
          <line num="58" count="2" type="stmt"/>
          <line num="61" count="2" type="stmt"/>
          <line num="64" count="2" type="cond" truecount="2" falsecount="0"/>
          <line num="68" count="1" type="stmt"/>
          <line num="75" count="2" type="stmt"/>
          <line num="80" count="1" type="stmt"/>
          <line num="85" count="1" type="stmt"/>
          <line num="90" count="1" type="stmt"/>
          <line num="91" count="1" type="stmt"/>
          <line num="96" count="1" type="stmt"/>
          <line num="97" count="1" type="stmt"/>
          <line num="103" count="4" type="stmt"/>
          <line num="108" count="4" type="stmt"/>
          <line num="113" count="4" type="stmt"/>
          <line num="116" count="4" type="stmt"/>
          <line num="119" count="4" type="cond" truecount="2" falsecount="0"/>
          <line num="120" count="1" type="stmt"/>
          <line num="124" count="4" type="cond" truecount="2" falsecount="0"/>
          <line num="125" count="1" type="stmt"/>
          <line num="129" count="4" type="stmt"/>
          <line num="135" count="1" type="stmt"/>
          <line num="155" count="1" type="stmt"/>
          <line num="158" count="1" type="stmt"/>
          <line num="161" count="1" type="stmt"/>
          <line num="167" count="1" type="stmt"/>
          <line num="177" count="1" type="stmt"/>
          <line num="180" count="1" type="stmt"/>
          <line num="188" count="1" type="stmt"/>
          <line num="195" count="1" type="stmt"/>
          <line num="206" count="1" type="stmt"/>
          <line num="242" count="1" type="stmt"/>
          <line num="263" count="23" type="stmt"/>
          <line num="292" count="23" type="stmt"/>
        </file>
      </package>
    </metrics>
  </project>
</coverage>
