{"/Users/tandemseven/T7/t7-components/forms/source/index.js": {"path":"/Users/tandemseven/T7/t7-components/forms/source/index.js","statementMap":{},"fnMap":{},"branchMap":{},"s":{},"f":{},"b":{},"_coverageSchema":"332fd63041d2c1bcb487cc26dd0d5f7d97098a6c","hash":"e462c123d8daca6b8200ddc833a3dc8dacd00e21"}
,"/Users/tandemseven/T7/t7-components/forms/source/button/button.js": {"path":"/Users/tandemseven/T7/t7-components/forms/source/button/button.js","statementMap":{"0":{"start":{"line":14,"column":4},"end":{"line":14,"column":16}},"1":{"start":{"line":17,"column":4},"end":{"line":17,"column":14}},"2":{"start":{"line":23,"column":27},"end":{"line":23,"column":37}},"3":{"start":{"line":26,"column":4},"end":{"line":26,"column":41}},"4":{"start":{"line":42,"column":8},"end":{"line":42,"column":18}},"5":{"start":{"line":45,"column":28},"end":{"line":45,"column":32}},"6":{"start":{"line":52,"column":4},"end":{"line":59,"column":5}},"7":{"start":{"line":53,"column":6},"end":{"line":53,"column":18}},"8":{"start":{"line":56,"column":6},"end":{"line":58,"column":7}},"9":{"start":{"line":57,"column":8},"end":{"line":57,"column":35}},"10":{"start":{"line":62,"column":25},"end":{"line":83,"column":5}},"11":{"start":{"line":86,"column":25},"end":{"line":99,"column":5}},"12":{"start":{"line":102,"column":27},"end":{"line":106,"column":5}},"13":{"start":{"line":110,"column":6},"end":{"line":112,"column":8}},"14":{"start":{"line":116,"column":4},"end":{"line":123,"column":5}},"15":{"start":{"line":118,"column":6},"end":{"line":122,"column":7}},"16":{"start":{"line":126,"column":4},"end":{"line":126,"column":17}},"17":{"start":{"line":131,"column":0},"end":{"line":145,"column":1}},"18":{"start":{"line":148,"column":0},"end":{"line":156,"column":1}}},"fnMap":{"0":{"name":"(anonymous_0)","decl":{"start":{"line":12,"column":2},"end":{"line":12,"column":3}},"loc":{"start":{"line":12,"column":22},"end":{"line":18,"column":3}},"line":12},"1":{"name":"(anonymous_1)","decl":{"start":{"line":21,"column":2},"end":{"line":21,"column":3}},"loc":{"start":{"line":21,"column":23},"end":{"line":27,"column":3}},"line":21},"2":{"name":"(anonymous_2)","decl":{"start":{"line":30,"column":2},"end":{"line":30,"column":3}},"loc":{"start":{"line":30,"column":12},"end":{"line":127,"column":3}},"line":30},"3":{"name":"(anonymous_3)","decl":{"start":{"line":155,"column":15},"end":{"line":155,"column":16}},"loc":{"start":{"line":155,"column":21},"end":{"line":155,"column":23}},"line":155}},"branchMap":{"0":{"loc":{"start":{"line":21,"column":15},"end":{"line":21,"column":21}},"type":"default-arg","locations":[{"start":{"line":21,"column":19},"end":{"line":21,"column":21}}],"line":21},"1":{"loc":{"start":{"line":52,"column":4},"end":{"line":59,"column":5}},"type":"if","locations":[{"start":{"line":52,"column":4},"end":{"line":59,"column":5}},{"start":{"line":52,"column":4},"end":{"line":59,"column":5}}],"line":52},"2":{"loc":{"start":{"line":56,"column":6},"end":{"line":58,"column":7}},"type":"if","locations":[{"start":{"line":56,"column":6},"end":{"line":58,"column":7}},{"start":{"line":56,"column":6},"end":{"line":58,"column":7}}],"line":56},"3":{"loc":{"start":{"line":56,"column":10},"end":{"line":56,"column":24}},"type":"binary-expr","locations":[{"start":{"line":56,"column":10},"end":{"line":56,"column":14}},{"start":{"line":56,"column":18},"end":{"line":56,"column":24}}],"line":56},"4":{"loc":{"start":{"line":79,"column":8},"end":{"line":81,"column":23}},"type":"cond-expr","locations":[{"start":{"line":80,"column":12},"end":{"line":80,"column":16}},{"start":{"line":81,"column":12},"end":{"line":81,"column":23}}],"line":79},"5":{"loc":{"start":{"line":90,"column":8},"end":{"line":92,"column":16}},"type":"cond-expr","locations":[{"start":{"line":91,"column":12},"end":{"line":91,"column":16}},{"start":{"line":92,"column":12},"end":{"line":92,"column":16}}],"line":90},"6":{"loc":{"start":{"line":95,"column":8},"end":{"line":97,"column":18}},"type":"cond-expr","locations":[{"start":{"line":96,"column":12},"end":{"line":96,"column":16}},{"start":{"line":97,"column":12},"end":{"line":97,"column":18}}],"line":95},"7":{"loc":{"start":{"line":116,"column":4},"end":{"line":123,"column":5}},"type":"if","locations":[{"start":{"line":116,"column":4},"end":{"line":123,"column":5}},{"start":{"line":116,"column":4},"end":{"line":123,"column":5}}],"line":116}},"s":{"0":2,"1":2,"2":1,"3":1,"4":2,"5":2,"6":2,"7":1,"8":1,"9":1,"10":2,"11":2,"12":2,"13":2,"14":2,"15":1,"16":2,"17":22,"18":22},"f":{"0":2,"1":1,"2":2,"3":0},"b":{"0":[0],"1":[1,1],"2":[1,0],"3":[1,1],"4":[1,1],"5":[1,1],"6":[1,1],"7":[1,1]},"_coverageSchema":"332fd63041d2c1bcb487cc26dd0d5f7d97098a6c","hash":"c2799bd69f788dfc06b1b82481874615df7f7f9a"}
,"/Users/tandemseven/T7/t7-components/forms/source/checkbox/checkbox.js": {"path":"/Users/tandemseven/T7/t7-components/forms/source/checkbox/checkbox.js","statementMap":{"0":{"start":{"line":16,"column":4},"end":{"line":16,"column":16}},"1":{"start":{"line":19,"column":4},"end":{"line":19,"column":14}},"2":{"start":{"line":22,"column":4},"end":{"line":22,"column":23}},"3":{"start":{"line":31,"column":8},"end":{"line":31,"column":18}},"4":{"start":{"line":33,"column":4},"end":{"line":37,"column":5}},"5":{"start":{"line":43,"column":24},"end":{"line":43,"column":29}},"6":{"start":{"line":46,"column":27},"end":{"line":46,"column":32}},"7":{"start":{"line":49,"column":19},"end":{"line":49,"column":23}},"8":{"start":{"line":52,"column":4},"end":{"line":60,"column":5}},"9":{"start":{"line":56,"column":6},"end":{"line":59,"column":7}},"10":{"start":{"line":63,"column":4},"end":{"line":63,"column":19}},"11":{"start":{"line":71,"column":8},"end":{"line":71,"column":9}},"12":{"start":{"line":77,"column":8},"end":{"line":77,"column":10}},"13":{"start":{"line":79,"column":4},"end":{"line":81,"column":6}},"14":{"start":{"line":84,"column":4},"end":{"line":84,"column":46}},"15":{"start":{"line":93,"column":8},"end":{"line":93,"column":18}},"16":{"start":{"line":104,"column":8},"end":{"line":104,"column":18}},"17":{"start":{"line":107,"column":29},"end":{"line":107,"column":33}},"18":{"start":{"line":115,"column":4},"end":{"line":125,"column":5}},"19":{"start":{"line":116,"column":6},"end":{"line":116,"column":36}},"20":{"start":{"line":117,"column":6},"end":{"line":117,"column":43}},"21":{"start":{"line":118,"column":6},"end":{"line":118,"column":41}},"22":{"start":{"line":121,"column":11},"end":{"line":125,"column":5}},"23":{"start":{"line":122,"column":6},"end":{"line":122,"column":33}},"24":{"start":{"line":123,"column":6},"end":{"line":123,"column":40}},"25":{"start":{"line":124,"column":6},"end":{"line":124,"column":38}},"26":{"start":{"line":128,"column":26},"end":{"line":139,"column":5}},"27":{"start":{"line":142,"column":4},"end":{"line":148,"column":5}},"28":{"start":{"line":143,"column":6},"end":{"line":143,"column":44}},"29":{"start":{"line":147,"column":6},"end":{"line":147,"column":37}},"30":{"start":{"line":151,"column":4},"end":{"line":169,"column":5}},"31":{"start":{"line":174,"column":0},"end":{"line":194,"column":1}},"32":{"start":{"line":197,"column":0},"end":{"line":202,"column":1}}},"fnMap":{"0":{"name":"(anonymous_0)","decl":{"start":{"line":14,"column":2},"end":{"line":14,"column":3}},"loc":{"start":{"line":14,"column":22},"end":{"line":23,"column":3}},"line":14},"1":{"name":"(anonymous_1)","decl":{"start":{"line":26,"column":2},"end":{"line":26,"column":3}},"loc":{"start":{"line":26,"column":18},"end":{"line":38,"column":3}},"line":26},"2":{"name":"(anonymous_2)","decl":{"start":{"line":41,"column":2},"end":{"line":41,"column":3}},"loc":{"start":{"line":41,"column":59},"end":{"line":64,"column":3}},"line":41},"3":{"name":"(anonymous_3)","decl":{"start":{"line":67,"column":2},"end":{"line":67,"column":3}},"loc":{"start":{"line":67,"column":24},"end":{"line":85,"column":3}},"line":67},"4":{"name":"(anonymous_4)","decl":{"start":{"line":88,"column":2},"end":{"line":88,"column":3}},"loc":{"start":{"line":88,"column":12},"end":{"line":170,"column":3}},"line":88},"5":{"name":"(anonymous_5)","decl":{"start":{"line":201,"column":16},"end":{"line":201,"column":17}},"loc":{"start":{"line":201,"column":22},"end":{"line":201,"column":24}},"line":201}},"branchMap":{"0":{"loc":{"start":{"line":30,"column":6},"end":{"line":30,"column":19}},"type":"default-arg","locations":[{"start":{"line":30,"column":11},"end":{"line":30,"column":19}}],"line":30},"1":{"loc":{"start":{"line":41,"column":35},"end":{"line":41,"column":45}},"type":"default-arg","locations":[{"start":{"line":41,"column":43},"end":{"line":41,"column":45}}],"line":41},"2":{"loc":{"start":{"line":41,"column":47},"end":{"line":41,"column":57}},"type":"default-arg","locations":[{"start":{"line":41,"column":55},"end":{"line":41,"column":57}}],"line":41},"3":{"loc":{"start":{"line":52,"column":4},"end":{"line":60,"column":5}},"type":"if","locations":[{"start":{"line":52,"column":4},"end":{"line":60,"column":5}},{"start":{"line":52,"column":4},"end":{"line":60,"column":5}}],"line":52},"4":{"loc":{"start":{"line":53,"column":6},"end":{"line":54,"column":28}},"type":"binary-expr","locations":[{"start":{"line":53,"column":6},"end":{"line":53,"column":21}},{"start":{"line":54,"column":6},"end":{"line":54,"column":28}}],"line":53},"5":{"loc":{"start":{"line":67,"column":16},"end":{"line":67,"column":22}},"type":"default-arg","locations":[{"start":{"line":67,"column":20},"end":{"line":67,"column":22}}],"line":67},"6":{"loc":{"start":{"line":70,"column":21},"end":{"line":70,"column":28}},"type":"default-arg","locations":[{"start":{"line":70,"column":26},"end":{"line":70,"column":28}}],"line":70},"7":{"loc":{"start":{"line":76,"column":6},"end":{"line":76,"column":16}},"type":"default-arg","locations":[{"start":{"line":76,"column":14},"end":{"line":76,"column":16}}],"line":76},"8":{"loc":{"start":{"line":115,"column":4},"end":{"line":125,"column":5}},"type":"if","locations":[{"start":{"line":115,"column":4},"end":{"line":125,"column":5}},{"start":{"line":115,"column":4},"end":{"line":125,"column":5}}],"line":115},"9":{"loc":{"start":{"line":121,"column":11},"end":{"line":125,"column":5}},"type":"if","locations":[{"start":{"line":121,"column":11},"end":{"line":125,"column":5}},{"start":{"line":121,"column":11},"end":{"line":125,"column":5}}],"line":121},"10":{"loc":{"start":{"line":142,"column":4},"end":{"line":148,"column":5}},"type":"if","locations":[{"start":{"line":142,"column":4},"end":{"line":148,"column":5}},{"start":{"line":142,"column":4},"end":{"line":148,"column":5}}],"line":142}},"s":{"0":2,"1":2,"2":2,"3":2,"4":2,"5":4,"6":4,"7":4,"8":4,"9":1,"10":4,"11":1,"12":1,"13":1,"14":1,"15":3,"16":3,"17":3,"18":3,"19":2,"20":2,"21":2,"22":1,"23":1,"24":1,"25":1,"26":3,"27":3,"28":1,"29":2,"30":3,"31":22,"32":22},"f":{"0":2,"1":2,"2":4,"3":1,"4":3,"5":0},"b":{"0":[1],"1":[0],"2":[0],"3":[1,3],"4":[4,3],"5":[0],"6":[0],"7":[0],"8":[2,1],"9":[1,0],"10":[1,2]},"_coverageSchema":"332fd63041d2c1bcb487cc26dd0d5f7d97098a6c","hash":"be289db272d0eaf7cc34065cb5e933b8a4bc3a34"}
,"/Users/tandemseven/T7/t7-components/forms/source/input/input.js": {"path":"/Users/tandemseven/T7/t7-components/forms/source/input/input.js","statementMap":{"0":{"start":{"line":21,"column":4},"end":{"line":21,"column":16}},"1":{"start":{"line":24,"column":4},"end":{"line":24,"column":14}},"2":{"start":{"line":27,"column":4},"end":{"line":27,"column":23}},"3":{"start":{"line":37,"column":8},"end":{"line":37,"column":18}},"4":{"start":{"line":39,"column":4},"end":{"line":43,"column":5}},"5":{"start":{"line":52,"column":8},"end":{"line":52,"column":13}},"6":{"start":{"line":55,"column":25},"end":{"line":55,"column":30}},"7":{"start":{"line":58,"column":19},"end":{"line":58,"column":23}},"8":{"start":{"line":61,"column":4},"end":{"line":69,"column":5}},"9":{"start":{"line":65,"column":6},"end":{"line":68,"column":7}},"10":{"start":{"line":72,"column":4},"end":{"line":72,"column":19}},"11":{"start":{"line":80,"column":8},"end":{"line":80,"column":9}},"12":{"start":{"line":83,"column":4},"end":{"line":83,"column":25}},"13":{"start":{"line":90,"column":4},"end":{"line":97,"column":5}},"14":{"start":{"line":95,"column":6},"end":{"line":95,"column":34}},"15":{"start":{"line":96,"column":6},"end":{"line":96,"column":41}},"16":{"start":{"line":100,"column":4},"end":{"line":100,"column":34}},"17":{"start":{"line":103,"column":4},"end":{"line":148,"column":6}},"18":{"start":{"line":105,"column":6},"end":{"line":147,"column":7}},"19":{"start":{"line":114,"column":25},"end":{"line":114,"column":49}},"20":{"start":{"line":117,"column":23},"end":{"line":120,"column":10}},"21":{"start":{"line":123,"column":24},"end":{"line":126,"column":10}},"22":{"start":{"line":129,"column":25},"end":{"line":129,"column":53}},"23":{"start":{"line":130,"column":25},"end":{"line":130,"column":53}},"24":{"start":{"line":134,"column":10},"end":{"line":137,"column":47}},"25":{"start":{"line":141,"column":25},"end":{"line":141,"column":40}},"26":{"start":{"line":144,"column":8},"end":{"line":146,"column":9}},"27":{"start":{"line":145,"column":10},"end":{"line":145,"column":50}},"28":{"start":{"line":151,"column":4},"end":{"line":151,"column":16}},"29":{"start":{"line":160,"column":8},"end":{"line":160,"column":9}},"30":{"start":{"line":165,"column":8},"end":{"line":165,"column":10}},"31":{"start":{"line":168,"column":4},"end":{"line":170,"column":5}},"32":{"start":{"line":169,"column":6},"end":{"line":169,"column":25}},"33":{"start":{"line":173,"column":4},"end":{"line":173,"column":36}},"34":{"start":{"line":176,"column":4},"end":{"line":176,"column":28}},"35":{"start":{"line":179,"column":4},"end":{"line":179,"column":37}},"36":{"start":{"line":188,"column":8},"end":{"line":188,"column":18}},"37":{"start":{"line":203,"column":8},"end":{"line":203,"column":18}},"38":{"start":{"line":206,"column":29},"end":{"line":206,"column":33}},"39":{"start":{"line":209,"column":20},"end":{"line":209,"column":32}},"40":{"start":{"line":211,"column":4},"end":{"line":216,"column":5}},"41":{"start":{"line":215,"column":6},"end":{"line":215,"column":44}},"42":{"start":{"line":219,"column":4},"end":{"line":219,"column":35}},"43":{"start":{"line":222,"column":26},"end":{"line":226,"column":5}},"44":{"start":{"line":229,"column":26},"end":{"line":244,"column":5}},"45":{"start":{"line":247,"column":4},"end":{"line":259,"column":5}},"46":{"start":{"line":264,"column":0},"end":{"line":296,"column":1}},"47":{"start":{"line":299,"column":0},"end":{"line":309,"column":1}},"48":{"start":{"line":307,"column":4},"end":{"line":307,"column":16}}},"fnMap":{"0":{"name":"(anonymous_0)","decl":{"start":{"line":19,"column":2},"end":{"line":19,"column":3}},"loc":{"start":{"line":19,"column":22},"end":{"line":28,"column":3}},"line":19},"1":{"name":"(anonymous_1)","decl":{"start":{"line":31,"column":2},"end":{"line":31,"column":3}},"loc":{"start":{"line":31,"column":18},"end":{"line":44,"column":3}},"line":31},"2":{"name":"(anonymous_2)","decl":{"start":{"line":47,"column":2},"end":{"line":47,"column":3}},"loc":{"start":{"line":47,"column":59},"end":{"line":73,"column":3}},"line":47},"3":{"name":"(anonymous_3)","decl":{"start":{"line":76,"column":2},"end":{"line":76,"column":3}},"loc":{"start":{"line":76,"column":33},"end":{"line":152,"column":3}},"line":76},"4":{"name":"(anonymous_4)","decl":{"start":{"line":103,"column":33},"end":{"line":103,"column":34}},"loc":{"start":{"line":103,"column":39},"end":{"line":148,"column":5}},"line":103},"5":{"name":"(anonymous_5)","decl":{"start":{"line":155,"column":2},"end":{"line":155,"column":3}},"loc":{"start":{"line":155,"column":24},"end":{"line":180,"column":3}},"line":155},"6":{"name":"(anonymous_6)","decl":{"start":{"line":183,"column":2},"end":{"line":183,"column":3}},"loc":{"start":{"line":183,"column":12},"end":{"line":260,"column":3}},"line":183},"7":{"name":"(anonymous_7)","decl":{"start":{"line":303,"column":16},"end":{"line":303,"column":17}},"loc":{"start":{"line":303,"column":22},"end":{"line":303,"column":24}},"line":303},"8":{"name":"(anonymous_8)","decl":{"start":{"line":306,"column":8},"end":{"line":306,"column":9}},"loc":{"start":{"line":306,"column":19},"end":{"line":308,"column":3}},"line":306}},"branchMap":{"0":{"loc":{"start":{"line":35,"column":6},"end":{"line":35,"column":19}},"type":"default-arg","locations":[{"start":{"line":35,"column":11},"end":{"line":35,"column":19}}],"line":35},"1":{"loc":{"start":{"line":36,"column":6},"end":{"line":36,"column":16}},"type":"default-arg","locations":[{"start":{"line":36,"column":14},"end":{"line":36,"column":16}}],"line":36},"2":{"loc":{"start":{"line":47,"column":35},"end":{"line":47,"column":45}},"type":"default-arg","locations":[{"start":{"line":47,"column":43},"end":{"line":47,"column":45}}],"line":47},"3":{"loc":{"start":{"line":47,"column":47},"end":{"line":47,"column":57}},"type":"default-arg","locations":[{"start":{"line":47,"column":55},"end":{"line":47,"column":57}}],"line":47},"4":{"loc":{"start":{"line":61,"column":4},"end":{"line":69,"column":5}},"type":"if","locations":[{"start":{"line":61,"column":4},"end":{"line":69,"column":5}},{"start":{"line":61,"column":4},"end":{"line":69,"column":5}}],"line":61},"5":{"loc":{"start":{"line":62,"column":6},"end":{"line":63,"column":24}},"type":"binary-expr","locations":[{"start":{"line":62,"column":6},"end":{"line":62,"column":19}},{"start":{"line":63,"column":6},"end":{"line":63,"column":24}}],"line":62},"6":{"loc":{"start":{"line":76,"column":13},"end":{"line":76,"column":19}},"type":"default-arg","locations":[{"start":{"line":76,"column":17},"end":{"line":76,"column":19}}],"line":76},"7":{"loc":{"start":{"line":76,"column":21},"end":{"line":76,"column":31}},"type":"default-arg","locations":[{"start":{"line":76,"column":29},"end":{"line":76,"column":31}}],"line":76},"8":{"loc":{"start":{"line":79,"column":21},"end":{"line":79,"column":28}},"type":"default-arg","locations":[{"start":{"line":79,"column":26},"end":{"line":79,"column":28}}],"line":79},"9":{"loc":{"start":{"line":90,"column":4},"end":{"line":97,"column":5}},"type":"if","locations":[{"start":{"line":90,"column":4},"end":{"line":97,"column":5}},{"start":{"line":90,"column":4},"end":{"line":97,"column":5}}],"line":90},"10":{"loc":{"start":{"line":105,"column":6},"end":{"line":147,"column":7}},"type":"if","locations":[{"start":{"line":105,"column":6},"end":{"line":147,"column":7}},{"start":{"line":105,"column":6},"end":{"line":147,"column":7}}],"line":105},"11":{"loc":{"start":{"line":106,"column":8},"end":{"line":108,"column":50}},"type":"binary-expr","locations":[{"start":{"line":106,"column":8},"end":{"line":106,"column":24}},{"start":{"line":107,"column":8},"end":{"line":107,"column":37}},{"start":{"line":108,"column":8},"end":{"line":108,"column":50}}],"line":106},"12":{"loc":{"start":{"line":129,"column":25},"end":{"line":129,"column":53}},"type":"binary-expr","locations":[{"start":{"line":129,"column":25},"end":{"line":129,"column":47}},{"start":{"line":129,"column":51},"end":{"line":129,"column":53}}],"line":129},"13":{"loc":{"start":{"line":130,"column":25},"end":{"line":130,"column":53}},"type":"binary-expr","locations":[{"start":{"line":130,"column":25},"end":{"line":130,"column":47}},{"start":{"line":130,"column":51},"end":{"line":130,"column":53}}],"line":130},"14":{"loc":{"start":{"line":134,"column":10},"end":{"line":137,"column":47}},"type":"cond-expr","locations":[{"start":{"line":136,"column":14},"end":{"line":136,"column":47}},{"start":{"line":137,"column":14},"end":{"line":137,"column":47}}],"line":134},"15":{"loc":{"start":{"line":134,"column":10},"end":{"line":135,"column":25}},"type":"binary-expr","locations":[{"start":{"line":134,"column":10},"end":{"line":134,"column":25}},{"start":{"line":135,"column":10},"end":{"line":135,"column":25}}],"line":134},"16":{"loc":{"start":{"line":144,"column":8},"end":{"line":146,"column":9}},"type":"if","locations":[{"start":{"line":144,"column":8},"end":{"line":146,"column":9}},{"start":{"line":144,"column":8},"end":{"line":146,"column":9}}],"line":144},"17":{"loc":{"start":{"line":155,"column":16},"end":{"line":155,"column":22}},"type":"default-arg","locations":[{"start":{"line":155,"column":20},"end":{"line":155,"column":22}}],"line":155},"18":{"loc":{"start":{"line":159,"column":21},"end":{"line":159,"column":28}},"type":"default-arg","locations":[{"start":{"line":159,"column":26},"end":{"line":159,"column":28}}],"line":159},"19":{"loc":{"start":{"line":164,"column":6},"end":{"line":164,"column":16}},"type":"default-arg","locations":[{"start":{"line":164,"column":14},"end":{"line":164,"column":16}}],"line":164},"20":{"loc":{"start":{"line":168,"column":4},"end":{"line":170,"column":5}},"type":"if","locations":[{"start":{"line":168,"column":4},"end":{"line":170,"column":5}},{"start":{"line":168,"column":4},"end":{"line":170,"column":5}}],"line":168},"21":{"loc":{"start":{"line":211,"column":4},"end":{"line":216,"column":5}},"type":"if","locations":[{"start":{"line":211,"column":4},"end":{"line":216,"column":5}},{"start":{"line":211,"column":4},"end":{"line":216,"column":5}}],"line":211},"22":{"loc":{"start":{"line":212,"column":6},"end":{"line":213,"column":22}},"type":"binary-expr","locations":[{"start":{"line":212,"column":6},"end":{"line":212,"column":14}},{"start":{"line":213,"column":6},"end":{"line":213,"column":22}}],"line":212}},"s":{"0":15,"1":15,"2":15,"3":15,"4":15,"5":18,"6":18,"7":18,"8":18,"9":1,"10":18,"11":3,"12":3,"13":3,"14":3,"15":3,"16":3,"17":3,"18":3,"19":3,"20":3,"21":3,"22":3,"23":3,"24":3,"25":3,"26":3,"27":3,"28":3,"29":2,"30":2,"31":2,"32":1,"33":2,"34":2,"35":2,"36":17,"37":17,"38":17,"39":17,"40":17,"41":3,"42":17,"43":17,"44":17,"45":17,"46":22,"47":22,"48":4},"f":{"0":15,"1":15,"2":18,"3":3,"4":3,"5":2,"6":17,"7":0,"8":4},"b":{"0":[14],"1":[0],"2":[0],"3":[0],"4":[1,17],"5":[18,18],"6":[0],"7":[0],"8":[0],"9":[3,0],"10":[3,0],"11":[3,3,3],"12":[3,2],"13":[3,2],"14":[1,2],"15":[3,2],"16":[3,0],"17":[0],"18":[0],"19":[0],"20":[1,1],"21":[3,14],"22":[17,14]},"_coverageSchema":"332fd63041d2c1bcb487cc26dd0d5f7d97098a6c","hash":"4be2a6c6a8df29d50ed348be78aa5839e97b8095"}
,"/Users/tandemseven/T7/t7-components/forms/source/input_alphanumeric/input_alphanumeric.js": {"path":"/Users/tandemseven/T7/t7-components/forms/source/input_alphanumeric/input_alphanumeric.js","statementMap":{"0":{"start":{"line":17,"column":4},"end":{"line":22,"column":5}}},"fnMap":{"0":{"name":"(anonymous_0)","decl":{"start":{"line":15,"column":2},"end":{"line":15,"column":3}},"loc":{"start":{"line":15,"column":12},"end":{"line":23,"column":3}},"line":15}},"branchMap":{},"s":{"0":1},"f":{"0":1},"b":{},"_coverageSchema":"332fd63041d2c1bcb487cc26dd0d5f7d97098a6c","hash":"2fea2c7158181fa7846873a83878ebe813a78282"}
,"/Users/tandemseven/T7/t7-components/forms/source/input_date/input_date.js": {"path":"/Users/tandemseven/T7/t7-components/forms/source/input_date/input_date.js","statementMap":{"0":{"start":{"line":16,"column":19},"end":{"line":16,"column":31}},"1":{"start":{"line":17,"column":19},"end":{"line":17,"column":31}},"2":{"start":{"line":19,"column":26},"end":{"line":19,"column":36}},"3":{"start":{"line":20,"column":25},"end":{"line":20,"column":35}},"4":{"start":{"line":22,"column":26},"end":{"line":22,"column":36}},"5":{"start":{"line":23,"column":25},"end":{"line":23,"column":35}},"6":{"start":{"line":25,"column":24},"end":{"line":25,"column":50}},"7":{"start":{"line":26,"column":23},"end":{"line":26,"column":51}},"8":{"start":{"line":28,"column":29},"end":{"line":31,"column":1}},"9":{"start":{"line":33,"column":29},"end":{"line":36,"column":1}},"10":{"start":{"line":38,"column":22},"end":{"line":41,"column":1}},"11":{"start":{"line":47,"column":4},"end":{"line":47,"column":16}},"12":{"start":{"line":50,"column":4},"end":{"line":50,"column":14}},"13":{"start":{"line":56,"column":27},"end":{"line":56,"column":37}},"14":{"start":{"line":59,"column":19},"end":{"line":59,"column":33}},"15":{"start":{"line":60,"column":18},"end":{"line":60,"column":50}},"16":{"start":{"line":64,"column":6},"end":{"line":66,"column":12}},"17":{"start":{"line":70,"column":17},"end":{"line":70,"column":35}},"18":{"start":{"line":71,"column":22},"end":{"line":71,"column":43}},"19":{"start":{"line":74,"column":4},"end":{"line":76,"column":5}},"20":{"start":{"line":75,"column":6},"end":{"line":75,"column":19}},"21":{"start":{"line":79,"column":4},"end":{"line":79,"column":47}},"22":{"start":{"line":85,"column":27},"end":{"line":85,"column":37}},"23":{"start":{"line":86,"column":20},"end":{"line":86,"column":30}},"24":{"start":{"line":89,"column":4},"end":{"line":89,"column":36}},"25":{"start":{"line":92,"column":19},"end":{"line":92,"column":34}},"26":{"start":{"line":93,"column":18},"end":{"line":93,"column":50}},"27":{"start":{"line":96,"column":4},"end":{"line":96,"column":40}},"28":{"start":{"line":99,"column":4},"end":{"line":99,"column":16}},"29":{"start":{"line":105,"column":27},"end":{"line":105,"column":37}},"30":{"start":{"line":108,"column":29},"end":{"line":108,"column":33}},"31":{"start":{"line":111,"column":24},"end":{"line":111,"column":49}},"32":{"start":{"line":114,"column":4},"end":{"line":124,"column":5}},"33":{"start":{"line":129,"column":0},"end":{"line":135,"column":1}},"34":{"start":{"line":138,"column":0},"end":{"line":143,"column":1}}},"fnMap":{"0":{"name":"(anonymous_0)","decl":{"start":{"line":45,"column":2},"end":{"line":45,"column":3}},"loc":{"start":{"line":45,"column":22},"end":{"line":51,"column":3}},"line":45},"1":{"name":"(anonymous_1)","decl":{"start":{"line":54,"column":2},"end":{"line":54,"column":3}},"loc":{"start":{"line":54,"column":31},"end":{"line":80,"column":3}},"line":54},"2":{"name":"(anonymous_2)","decl":{"start":{"line":83,"column":2},"end":{"line":83,"column":3}},"loc":{"start":{"line":83,"column":18},"end":{"line":100,"column":3}},"line":83},"3":{"name":"(anonymous_3)","decl":{"start":{"line":103,"column":2},"end":{"line":103,"column":3}},"loc":{"start":{"line":103,"column":12},"end":{"line":125,"column":3}},"line":103},"4":{"name":"(anonymous_4)","decl":{"start":{"line":142,"column":16},"end":{"line":142,"column":17}},"loc":{"start":{"line":142,"column":22},"end":{"line":142,"column":24}},"line":142}},"branchMap":{"0":{"loc":{"start":{"line":54,"column":19},"end":{"line":54,"column":29}},"type":"default-arg","locations":[{"start":{"line":54,"column":27},"end":{"line":54,"column":29}}],"line":54},"1":{"loc":{"start":{"line":64,"column":6},"end":{"line":66,"column":12}},"type":"cond-expr","locations":[{"start":{"line":65,"column":10},"end":{"line":65,"column":38}},{"start":{"line":66,"column":10},"end":{"line":66,"column":12}}],"line":64},"2":{"loc":{"start":{"line":74,"column":4},"end":{"line":76,"column":5}},"type":"if","locations":[{"start":{"line":74,"column":4},"end":{"line":76,"column":5}},{"start":{"line":74,"column":4},"end":{"line":76,"column":5}}],"line":74}},"s":{"0":22,"1":22,"2":22,"3":22,"4":22,"5":22,"6":22,"7":22,"8":22,"9":22,"10":22,"11":4,"12":4,"13":4,"14":4,"15":4,"16":4,"17":4,"18":4,"19":4,"20":2,"21":4,"22":4,"23":4,"24":4,"25":4,"26":4,"27":4,"28":4,"29":4,"30":4,"31":4,"32":4,"33":22,"34":22},"f":{"0":4,"1":4,"2":4,"3":4,"4":0},"b":{"0":[0],"1":[2,2],"2":[2,2]},"_coverageSchema":"332fd63041d2c1bcb487cc26dd0d5f7d97098a6c","hash":"37a7cbd194213b97b7ccea74e1f7019ce7a63f28"}
,"/Users/tandemseven/T7/t7-components/forms/source/input_date_uk/input_date_uk.js": {"path":"/Users/tandemseven/T7/t7-components/forms/source/input_date_uk/input_date_uk.js","statementMap":{"0":{"start":{"line":12,"column":4},"end":{"line":17,"column":5}}},"fnMap":{"0":{"name":"(anonymous_0)","decl":{"start":{"line":10,"column":2},"end":{"line":10,"column":3}},"loc":{"start":{"line":10,"column":12},"end":{"line":18,"column":3}},"line":10}},"branchMap":{},"s":{"0":1},"f":{"0":1},"b":{},"_coverageSchema":"332fd63041d2c1bcb487cc26dd0d5f7d97098a6c","hash":"aef30715e2bc77429ad7efee3119cd6470a0a733"}
,"/Users/tandemseven/T7/t7-components/forms/source/input_date_us/input_date_us.js": {"path":"/Users/tandemseven/T7/t7-components/forms/source/input_date_us/input_date_us.js","statementMap":{"0":{"start":{"line":12,"column":4},"end":{"line":17,"column":5}}},"fnMap":{"0":{"name":"(anonymous_0)","decl":{"start":{"line":10,"column":2},"end":{"line":10,"column":3}},"loc":{"start":{"line":10,"column":12},"end":{"line":18,"column":3}},"line":10}},"branchMap":{},"s":{"0":1},"f":{"0":1},"b":{},"_coverageSchema":"332fd63041d2c1bcb487cc26dd0d5f7d97098a6c","hash":"00d9326ab4901e965a69d46ce28c8c3d1bc476e3"}
,"/Users/tandemseven/T7/t7-components/forms/source/input_integer/input_integer.js": {"path":"/Users/tandemseven/T7/t7-components/forms/source/input_integer/input_integer.js","statementMap":{"0":{"start":{"line":17,"column":4},"end":{"line":22,"column":5}}},"fnMap":{"0":{"name":"(anonymous_0)","decl":{"start":{"line":15,"column":2},"end":{"line":15,"column":3}},"loc":{"start":{"line":15,"column":12},"end":{"line":23,"column":3}},"line":15}},"branchMap":{},"s":{"0":1},"f":{"0":1},"b":{},"_coverageSchema":"332fd63041d2c1bcb487cc26dd0d5f7d97098a6c","hash":"43540f471eab89283a71c155c651fe01b14c0102"}
,"/Users/tandemseven/T7/t7-components/forms/source/input_money/input_money.js": {"path":"/Users/tandemseven/T7/t7-components/forms/source/input_money/input_money.js","statementMap":{"0":{"start":{"line":18,"column":4},"end":{"line":18,"column":16}},"1":{"start":{"line":21,"column":4},"end":{"line":21,"column":14}},"2":{"start":{"line":27,"column":28},"end":{"line":27,"column":38}},"3":{"start":{"line":30,"column":4},"end":{"line":33,"column":5}},"4":{"start":{"line":31,"column":6},"end":{"line":31,"column":43}},"5":{"start":{"line":32,"column":6},"end":{"line":32,"column":44}},"6":{"start":{"line":36,"column":4},"end":{"line":36,"column":23}},"7":{"start":{"line":37,"column":4},"end":{"line":37,"column":26}},"8":{"start":{"line":40,"column":4},"end":{"line":40,"column":12}},"9":{"start":{"line":46,"column":21},"end":{"line":46,"column":44}},"10":{"start":{"line":49,"column":4},"end":{"line":49,"column":47}},"11":{"start":{"line":55,"column":29},"end":{"line":55,"column":33}},"12":{"start":{"line":58,"column":4},"end":{"line":64,"column":5}},"13":{"start":{"line":69,"column":0},"end":{"line":74,"column":1}},"14":{"start":{"line":77,"column":0},"end":{"line":80,"column":1}}},"fnMap":{"0":{"name":"(anonymous_0)","decl":{"start":{"line":16,"column":2},"end":{"line":16,"column":3}},"loc":{"start":{"line":16,"column":22},"end":{"line":22,"column":3}},"line":16},"1":{"name":"(anonymous_1)","decl":{"start":{"line":25,"column":2},"end":{"line":25,"column":3}},"loc":{"start":{"line":25,"column":23},"end":{"line":41,"column":3}},"line":25},"2":{"name":"(anonymous_2)","decl":{"start":{"line":44,"column":2},"end":{"line":44,"column":3}},"loc":{"start":{"line":44,"column":31},"end":{"line":50,"column":3}},"line":44},"3":{"name":"(anonymous_3)","decl":{"start":{"line":53,"column":2},"end":{"line":53,"column":3}},"loc":{"start":{"line":53,"column":12},"end":{"line":65,"column":3}},"line":53},"4":{"name":"(anonymous_4)","decl":{"start":{"line":79,"column":16},"end":{"line":79,"column":17}},"loc":{"start":{"line":79,"column":22},"end":{"line":79,"column":24}},"line":79}},"branchMap":{"0":{"loc":{"start":{"line":25,"column":15},"end":{"line":25,"column":21}},"type":"default-arg","locations":[{"start":{"line":25,"column":19},"end":{"line":25,"column":21}}],"line":25},"1":{"loc":{"start":{"line":30,"column":4},"end":{"line":33,"column":5}},"type":"if","locations":[{"start":{"line":30,"column":4},"end":{"line":33,"column":5}},{"start":{"line":30,"column":4},"end":{"line":33,"column":5}}],"line":30},"2":{"loc":{"start":{"line":37,"column":8},"end":{"line":37,"column":26}},"type":"binary-expr","locations":[{"start":{"line":37,"column":8},"end":{"line":37,"column":21}},{"start":{"line":37,"column":25},"end":{"line":37,"column":26}}],"line":37},"3":{"loc":{"start":{"line":44,"column":19},"end":{"line":44,"column":29}},"type":"default-arg","locations":[{"start":{"line":44,"column":27},"end":{"line":44,"column":29}}],"line":44}},"s":{"0":7,"1":7,"2":1,"3":1,"4":1,"5":1,"6":1,"7":1,"8":1,"9":1,"10":1,"11":7,"12":7,"13":22,"14":22},"f":{"0":7,"1":1,"2":1,"3":7,"4":0},"b":{"0":[0],"1":[1,0],"2":[1,0],"3":[0]},"_coverageSchema":"332fd63041d2c1bcb487cc26dd0d5f7d97098a6c","hash":"52f08869d0b8540a1d5fb8ea736c4ea9725334e3"}
,"/Users/tandemseven/T7/t7-components/forms/source/input_money_de/input_money_de.js": {"path":"/Users/tandemseven/T7/t7-components/forms/source/input_money_de/input_money_de.js","statementMap":{"0":{"start":{"line":17,"column":4},"end":{"line":23,"column":5}}},"fnMap":{"0":{"name":"(anonymous_0)","decl":{"start":{"line":15,"column":2},"end":{"line":15,"column":3}},"loc":{"start":{"line":15,"column":12},"end":{"line":24,"column":3}},"line":15}},"branchMap":{},"s":{"0":1},"f":{"0":1},"b":{},"_coverageSchema":"332fd63041d2c1bcb487cc26dd0d5f7d97098a6c","hash":"c995b4c35fc6e6f3b7baac3c3141764052a14e68"}
,"/Users/tandemseven/T7/t7-components/forms/source/input_money_in/input_money_in.js": {"path":"/Users/tandemseven/T7/t7-components/forms/source/input_money_in/input_money_in.js","statementMap":{"0":{"start":{"line":17,"column":4},"end":{"line":23,"column":5}}},"fnMap":{"0":{"name":"(anonymous_0)","decl":{"start":{"line":15,"column":2},"end":{"line":15,"column":3}},"loc":{"start":{"line":15,"column":12},"end":{"line":24,"column":3}},"line":15}},"branchMap":{},"s":{"0":1},"f":{"0":1},"b":{},"_coverageSchema":"332fd63041d2c1bcb487cc26dd0d5f7d97098a6c","hash":"a02b81e745aeff8c381efe3be3e746348af5b8d1"}
,"/Users/tandemseven/T7/t7-components/forms/source/input_money_jp/input_money_jp.js": {"path":"/Users/tandemseven/T7/t7-components/forms/source/input_money_jp/input_money_jp.js","statementMap":{"0":{"start":{"line":17,"column":4},"end":{"line":23,"column":5}}},"fnMap":{"0":{"name":"(anonymous_0)","decl":{"start":{"line":15,"column":2},"end":{"line":15,"column":3}},"loc":{"start":{"line":15,"column":12},"end":{"line":24,"column":3}},"line":15}},"branchMap":{},"s":{"0":1},"f":{"0":1},"b":{},"_coverageSchema":"332fd63041d2c1bcb487cc26dd0d5f7d97098a6c","hash":"5931161bc91afa2027761c32ab40a06d704275cb"}
,"/Users/tandemseven/T7/t7-components/forms/source/input_money_kr/input_money_kr.js": {"path":"/Users/tandemseven/T7/t7-components/forms/source/input_money_kr/input_money_kr.js","statementMap":{"0":{"start":{"line":17,"column":4},"end":{"line":23,"column":5}}},"fnMap":{"0":{"name":"(anonymous_0)","decl":{"start":{"line":15,"column":2},"end":{"line":15,"column":3}},"loc":{"start":{"line":15,"column":12},"end":{"line":24,"column":3}},"line":15}},"branchMap":{},"s":{"0":1},"f":{"0":1},"b":{},"_coverageSchema":"332fd63041d2c1bcb487cc26dd0d5f7d97098a6c","hash":"1f3536908f4b01a2d801e34333511be345732595"}
,"/Users/tandemseven/T7/t7-components/forms/source/input_money_uk/input_money_uk.js": {"path":"/Users/tandemseven/T7/t7-components/forms/source/input_money_uk/input_money_uk.js","statementMap":{"0":{"start":{"line":17,"column":4},"end":{"line":23,"column":5}}},"fnMap":{"0":{"name":"(anonymous_0)","decl":{"start":{"line":15,"column":2},"end":{"line":15,"column":3}},"loc":{"start":{"line":15,"column":12},"end":{"line":24,"column":3}},"line":15}},"branchMap":{},"s":{"0":1},"f":{"0":1},"b":{},"_coverageSchema":"332fd63041d2c1bcb487cc26dd0d5f7d97098a6c","hash":"e99fcd3968f18074c7d6d091085e07b8073eeaef"}
,"/Users/tandemseven/T7/t7-components/forms/source/input_money_us/input_money_us.js": {"path":"/Users/tandemseven/T7/t7-components/forms/source/input_money_us/input_money_us.js","statementMap":{"0":{"start":{"line":17,"column":4},"end":{"line":23,"column":5}}},"fnMap":{"0":{"name":"(anonymous_0)","decl":{"start":{"line":15,"column":2},"end":{"line":15,"column":3}},"loc":{"start":{"line":15,"column":12},"end":{"line":24,"column":3}},"line":15}},"branchMap":{},"s":{"0":1},"f":{"0":1},"b":{},"_coverageSchema":"332fd63041d2c1bcb487cc26dd0d5f7d97098a6c","hash":"032fa4c1e20f15d46a750bec10fae5aac9cf8775"}
,"/Users/tandemseven/T7/t7-components/forms/source/input_phone_us/input_phone_us.js": {"path":"/Users/tandemseven/T7/t7-components/forms/source/input_phone_us/input_phone_us.js","statementMap":{"0":{"start":{"line":19,"column":4},"end":{"line":19,"column":16}},"1":{"start":{"line":22,"column":4},"end":{"line":22,"column":14}},"2":{"start":{"line":27,"column":4},"end":{"line":27,"column":24}},"3":{"start":{"line":29,"column":4},"end":{"line":31,"column":5}},"4":{"start":{"line":30,"column":6},"end":{"line":30,"column":12}},"5":{"start":{"line":33,"column":4},"end":{"line":33,"column":12}},"6":{"start":{"line":39,"column":21},"end":{"line":39,"column":44}},"7":{"start":{"line":42,"column":4},"end":{"line":42,"column":47}},"8":{"start":{"line":48,"column":29},"end":{"line":48,"column":33}},"9":{"start":{"line":51,"column":4},"end":{"line":59,"column":5}},"10":{"start":{"line":64,"column":0},"end":{"line":67,"column":1}},"11":{"start":{"line":70,"column":0},"end":{"line":73,"column":1}}},"fnMap":{"0":{"name":"(anonymous_0)","decl":{"start":{"line":17,"column":2},"end":{"line":17,"column":3}},"loc":{"start":{"line":17,"column":22},"end":{"line":23,"column":3}},"line":17},"1":{"name":"(anonymous_1)","decl":{"start":{"line":26,"column":2},"end":{"line":26,"column":3}},"loc":{"start":{"line":26,"column":23},"end":{"line":34,"column":3}},"line":26},"2":{"name":"(anonymous_2)","decl":{"start":{"line":37,"column":2},"end":{"line":37,"column":3}},"loc":{"start":{"line":37,"column":31},"end":{"line":43,"column":3}},"line":37},"3":{"name":"(anonymous_3)","decl":{"start":{"line":46,"column":2},"end":{"line":46,"column":3}},"loc":{"start":{"line":46,"column":12},"end":{"line":60,"column":3}},"line":46},"4":{"name":"(anonymous_4)","decl":{"start":{"line":72,"column":16},"end":{"line":72,"column":17}},"loc":{"start":{"line":72,"column":22},"end":{"line":72,"column":24}},"line":72}},"branchMap":{"0":{"loc":{"start":{"line":26,"column":15},"end":{"line":26,"column":21}},"type":"default-arg","locations":[{"start":{"line":26,"column":19},"end":{"line":26,"column":21}}],"line":26},"1":{"loc":{"start":{"line":29,"column":4},"end":{"line":31,"column":5}},"type":"if","locations":[{"start":{"line":29,"column":4},"end":{"line":31,"column":5}},{"start":{"line":29,"column":4},"end":{"line":31,"column":5}}],"line":29},"2":{"loc":{"start":{"line":37,"column":19},"end":{"line":37,"column":29}},"type":"default-arg","locations":[{"start":{"line":37,"column":27},"end":{"line":37,"column":29}}],"line":37}},"s":{"0":1,"1":1,"2":1,"3":1,"4":1,"5":1,"6":1,"7":1,"8":1,"9":1,"10":22,"11":22},"f":{"0":1,"1":1,"2":1,"3":1,"4":0},"b":{"0":[0],"1":[1,0],"2":[0]},"_coverageSchema":"332fd63041d2c1bcb487cc26dd0d5f7d97098a6c","hash":"4f010e23bb8b767d4e4c64d465ad7a64fa432bfb"}
,"/Users/tandemseven/T7/t7-components/forms/source/label/label.js": {"path":"/Users/tandemseven/T7/t7-components/forms/source/label/label.js","statementMap":{"0":{"start":{"line":15,"column":8},"end":{"line":15,"column":18}},"1":{"start":{"line":18,"column":4},"end":{"line":40,"column":5}},"2":{"start":{"line":45,"column":0},"end":{"line":49,"column":1}}},"fnMap":{"0":{"name":"(anonymous_0)","decl":{"start":{"line":9,"column":2},"end":{"line":9,"column":3}},"loc":{"start":{"line":9,"column":12},"end":{"line":41,"column":3}},"line":9}},"branchMap":{},"s":{"0":23,"1":23,"2":22},"f":{"0":23},"b":{},"_coverageSchema":"332fd63041d2c1bcb487cc26dd0d5f7d97098a6c","hash":"fc53ea73cb6a7dc37d174deb11798513d99d9d61"}
,"/Users/tandemseven/T7/t7-components/forms/source/radio/radio.js": {"path":"/Users/tandemseven/T7/t7-components/forms/source/radio/radio.js","statementMap":{"0":{"start":{"line":12,"column":4},"end":{"line":17,"column":5}}},"fnMap":{"0":{"name":"(anonymous_0)","decl":{"start":{"line":10,"column":2},"end":{"line":10,"column":3}},"loc":{"start":{"line":10,"column":12},"end":{"line":18,"column":3}},"line":10}},"branchMap":{},"s":{"0":1},"f":{"0":1},"b":{},"_coverageSchema":"332fd63041d2c1bcb487cc26dd0d5f7d97098a6c","hash":"b0479b92cbf018b3dd7f9f94e33659d6a33ac68f"}
,"/Users/tandemseven/T7/t7-components/forms/source/select/select.js": {"path":"/Users/tandemseven/T7/t7-components/forms/source/select/select.js","statementMap":{"0":{"start":{"line":19,"column":4},"end":{"line":19,"column":16}},"1":{"start":{"line":22,"column":4},"end":{"line":22,"column":14}},"2":{"start":{"line":25,"column":4},"end":{"line":25,"column":23}},"3":{"start":{"line":34,"column":8},"end":{"line":34,"column":18}},"4":{"start":{"line":36,"column":4},"end":{"line":40,"column":5}},"5":{"start":{"line":46,"column":22},"end":{"line":46,"column":27}},"6":{"start":{"line":49,"column":25},"end":{"line":49,"column":30}},"7":{"start":{"line":52,"column":19},"end":{"line":52,"column":23}},"8":{"start":{"line":55,"column":4},"end":{"line":63,"column":5}},"9":{"start":{"line":59,"column":6},"end":{"line":62,"column":7}},"10":{"start":{"line":66,"column":4},"end":{"line":66,"column":19}},"11":{"start":{"line":74,"column":8},"end":{"line":74,"column":9}},"12":{"start":{"line":79,"column":8},"end":{"line":79,"column":10}},"13":{"start":{"line":82,"column":4},"end":{"line":82,"column":28}},"14":{"start":{"line":85,"column":4},"end":{"line":85,"column":37}},"15":{"start":{"line":91,"column":24},"end":{"line":91,"column":34}},"16":{"start":{"line":94,"column":17},"end":{"line":110,"column":6}},"17":{"start":{"line":99,"column":10},"end":{"line":99,"column":11}},"18":{"start":{"line":102,"column":6},"end":{"line":109,"column":7}},"19":{"start":{"line":113,"column":4},"end":{"line":113,"column":15}},"20":{"start":{"line":122,"column":8},"end":{"line":122,"column":18}},"21":{"start":{"line":133,"column":8},"end":{"line":133,"column":18}},"22":{"start":{"line":136,"column":29},"end":{"line":136,"column":33}},"23":{"start":{"line":139,"column":20},"end":{"line":139,"column":33}},"24":{"start":{"line":141,"column":4},"end":{"line":143,"column":5}},"25":{"start":{"line":142,"column":6},"end":{"line":142,"column":45}},"26":{"start":{"line":146,"column":4},"end":{"line":146,"column":35}},"27":{"start":{"line":149,"column":26},"end":{"line":153,"column":5}},"28":{"start":{"line":156,"column":26},"end":{"line":166,"column":5}},"29":{"start":{"line":169,"column":4},"end":{"line":181,"column":5}},"30":{"start":{"line":186,"column":0},"end":{"line":205,"column":1}},"31":{"start":{"line":208,"column":0},"end":{"line":213,"column":1}}},"fnMap":{"0":{"name":"(anonymous_0)","decl":{"start":{"line":17,"column":2},"end":{"line":17,"column":3}},"loc":{"start":{"line":17,"column":22},"end":{"line":26,"column":3}},"line":17},"1":{"name":"(anonymous_1)","decl":{"start":{"line":29,"column":2},"end":{"line":29,"column":3}},"loc":{"start":{"line":29,"column":18},"end":{"line":41,"column":3}},"line":29},"2":{"name":"(anonymous_2)","decl":{"start":{"line":44,"column":2},"end":{"line":44,"column":3}},"loc":{"start":{"line":44,"column":59},"end":{"line":67,"column":3}},"line":44},"3":{"name":"(anonymous_3)","decl":{"start":{"line":70,"column":2},"end":{"line":70,"column":3}},"loc":{"start":{"line":70,"column":24},"end":{"line":86,"column":3}},"line":70},"4":{"name":"(anonymous_4)","decl":{"start":{"line":89,"column":2},"end":{"line":89,"column":3}},"loc":{"start":{"line":89,"column":15},"end":{"line":114,"column":3}},"line":89},"5":{"name":"(anonymous_5)","decl":{"start":{"line":94,"column":29},"end":{"line":94,"column":30}},"loc":{"start":{"line":94,"column":44},"end":{"line":110,"column":5}},"line":94},"6":{"name":"(anonymous_6)","decl":{"start":{"line":117,"column":2},"end":{"line":117,"column":3}},"loc":{"start":{"line":117,"column":12},"end":{"line":182,"column":3}},"line":117},"7":{"name":"(anonymous_7)","decl":{"start":{"line":212,"column":16},"end":{"line":212,"column":17}},"loc":{"start":{"line":212,"column":22},"end":{"line":212,"column":24}},"line":212}},"branchMap":{"0":{"loc":{"start":{"line":32,"column":6},"end":{"line":32,"column":19}},"type":"default-arg","locations":[{"start":{"line":32,"column":11},"end":{"line":32,"column":19}}],"line":32},"1":{"loc":{"start":{"line":33,"column":6},"end":{"line":33,"column":16}},"type":"default-arg","locations":[{"start":{"line":33,"column":14},"end":{"line":33,"column":16}}],"line":33},"2":{"loc":{"start":{"line":44,"column":35},"end":{"line":44,"column":45}},"type":"default-arg","locations":[{"start":{"line":44,"column":43},"end":{"line":44,"column":45}}],"line":44},"3":{"loc":{"start":{"line":44,"column":47},"end":{"line":44,"column":57}},"type":"default-arg","locations":[{"start":{"line":44,"column":55},"end":{"line":44,"column":57}}],"line":44},"4":{"loc":{"start":{"line":55,"column":4},"end":{"line":63,"column":5}},"type":"if","locations":[{"start":{"line":55,"column":4},"end":{"line":63,"column":5}},{"start":{"line":55,"column":4},"end":{"line":63,"column":5}}],"line":55},"5":{"loc":{"start":{"line":56,"column":6},"end":{"line":57,"column":24}},"type":"binary-expr","locations":[{"start":{"line":56,"column":6},"end":{"line":56,"column":19}},{"start":{"line":57,"column":6},"end":{"line":57,"column":24}}],"line":56},"6":{"loc":{"start":{"line":70,"column":16},"end":{"line":70,"column":22}},"type":"default-arg","locations":[{"start":{"line":70,"column":20},"end":{"line":70,"column":22}}],"line":70},"7":{"loc":{"start":{"line":73,"column":21},"end":{"line":73,"column":28}},"type":"default-arg","locations":[{"start":{"line":73,"column":26},"end":{"line":73,"column":28}}],"line":73},"8":{"loc":{"start":{"line":78,"column":6},"end":{"line":78,"column":16}},"type":"default-arg","locations":[{"start":{"line":78,"column":14},"end":{"line":78,"column":16}}],"line":78},"9":{"loc":{"start":{"line":94,"column":30},"end":{"line":94,"column":36}},"type":"default-arg","locations":[{"start":{"line":94,"column":34},"end":{"line":94,"column":36}}],"line":94},"10":{"loc":{"start":{"line":141,"column":4},"end":{"line":143,"column":5}},"type":"if","locations":[{"start":{"line":141,"column":4},"end":{"line":143,"column":5}},{"start":{"line":141,"column":4},"end":{"line":143,"column":5}}],"line":141}},"s":{"0":1,"1":1,"2":1,"3":1,"4":1,"5":3,"6":3,"7":3,"8":3,"9":1,"10":3,"11":1,"12":1,"13":1,"14":1,"15":2,"16":2,"17":4,"18":4,"19":2,"20":2,"21":2,"22":2,"23":2,"24":2,"25":2,"26":2,"27":2,"28":2,"29":2,"30":22,"31":22},"f":{"0":1,"1":1,"2":3,"3":1,"4":2,"5":4,"6":2,"7":0},"b":{"0":[0],"1":[0],"2":[0],"3":[0],"4":[1,2],"5":[3,3],"6":[0],"7":[0],"8":[0],"9":[0],"10":[2,0]},"_coverageSchema":"332fd63041d2c1bcb487cc26dd0d5f7d97098a6c","hash":"8d1abcdf5e9fd53e5d3b62e1d56956090ecbfcc1"}
,"/Users/tandemseven/T7/t7-components/forms/source/textarea/textarea.js": {"path":"/Users/tandemseven/T7/t7-components/forms/source/textarea/textarea.js","statementMap":{"0":{"start":{"line":20,"column":4},"end":{"line":20,"column":16}},"1":{"start":{"line":23,"column":4},"end":{"line":23,"column":14}},"2":{"start":{"line":26,"column":4},"end":{"line":26,"column":23}},"3":{"start":{"line":35,"column":8},"end":{"line":35,"column":18}},"4":{"start":{"line":37,"column":4},"end":{"line":41,"column":5}},"5":{"start":{"line":47,"column":22},"end":{"line":47,"column":27}},"6":{"start":{"line":50,"column":25},"end":{"line":50,"column":30}},"7":{"start":{"line":53,"column":19},"end":{"line":53,"column":23}},"8":{"start":{"line":56,"column":4},"end":{"line":64,"column":5}},"9":{"start":{"line":60,"column":6},"end":{"line":63,"column":7}},"10":{"start":{"line":67,"column":4},"end":{"line":67,"column":19}},"11":{"start":{"line":72,"column":4},"end":{"line":72,"column":51}},"12":{"start":{"line":81,"column":8},"end":{"line":81,"column":9}},"13":{"start":{"line":86,"column":8},"end":{"line":86,"column":10}},"14":{"start":{"line":89,"column":4},"end":{"line":91,"column":5}},"15":{"start":{"line":90,"column":6},"end":{"line":90,"column":34}},"16":{"start":{"line":94,"column":4},"end":{"line":94,"column":28}},"17":{"start":{"line":97,"column":4},"end":{"line":97,"column":37}},"18":{"start":{"line":106,"column":8},"end":{"line":106,"column":18}},"19":{"start":{"line":118,"column":8},"end":{"line":118,"column":18}},"20":{"start":{"line":121,"column":29},"end":{"line":121,"column":33}},"21":{"start":{"line":124,"column":26},"end":{"line":128,"column":5}},"22":{"start":{"line":131,"column":26},"end":{"line":144,"column":5}},"23":{"start":{"line":147,"column":4},"end":{"line":159,"column":5}},"24":{"start":{"line":164,"column":0},"end":{"line":186,"column":1}},"25":{"start":{"line":189,"column":0},"end":{"line":192,"column":1}}},"fnMap":{"0":{"name":"(anonymous_0)","decl":{"start":{"line":18,"column":2},"end":{"line":18,"column":3}},"loc":{"start":{"line":18,"column":22},"end":{"line":27,"column":3}},"line":18},"1":{"name":"(anonymous_1)","decl":{"start":{"line":30,"column":2},"end":{"line":30,"column":3}},"loc":{"start":{"line":30,"column":18},"end":{"line":42,"column":3}},"line":30},"2":{"name":"(anonymous_2)","decl":{"start":{"line":45,"column":2},"end":{"line":45,"column":3}},"loc":{"start":{"line":45,"column":59},"end":{"line":68,"column":3}},"line":45},"3":{"name":"(anonymous_3)","decl":{"start":{"line":71,"column":2},"end":{"line":71,"column":3}},"loc":{"start":{"line":71,"column":23},"end":{"line":73,"column":3}},"line":71},"4":{"name":"(anonymous_4)","decl":{"start":{"line":76,"column":2},"end":{"line":76,"column":3}},"loc":{"start":{"line":76,"column":24},"end":{"line":98,"column":3}},"line":76},"5":{"name":"(anonymous_5)","decl":{"start":{"line":101,"column":2},"end":{"line":101,"column":3}},"loc":{"start":{"line":101,"column":12},"end":{"line":160,"column":3}},"line":101},"6":{"name":"(anonymous_6)","decl":{"start":{"line":191,"column":16},"end":{"line":191,"column":17}},"loc":{"start":{"line":191,"column":22},"end":{"line":191,"column":24}},"line":191}},"branchMap":{"0":{"loc":{"start":{"line":33,"column":6},"end":{"line":33,"column":19}},"type":"default-arg","locations":[{"start":{"line":33,"column":11},"end":{"line":33,"column":19}}],"line":33},"1":{"loc":{"start":{"line":34,"column":6},"end":{"line":34,"column":16}},"type":"default-arg","locations":[{"start":{"line":34,"column":14},"end":{"line":34,"column":16}}],"line":34},"2":{"loc":{"start":{"line":45,"column":35},"end":{"line":45,"column":45}},"type":"default-arg","locations":[{"start":{"line":45,"column":43},"end":{"line":45,"column":45}}],"line":45},"3":{"loc":{"start":{"line":45,"column":47},"end":{"line":45,"column":57}},"type":"default-arg","locations":[{"start":{"line":45,"column":55},"end":{"line":45,"column":57}}],"line":45},"4":{"loc":{"start":{"line":56,"column":4},"end":{"line":64,"column":5}},"type":"if","locations":[{"start":{"line":56,"column":4},"end":{"line":64,"column":5}},{"start":{"line":56,"column":4},"end":{"line":64,"column":5}}],"line":56},"5":{"loc":{"start":{"line":57,"column":6},"end":{"line":58,"column":24}},"type":"binary-expr","locations":[{"start":{"line":57,"column":6},"end":{"line":57,"column":19}},{"start":{"line":58,"column":6},"end":{"line":58,"column":24}}],"line":57},"6":{"loc":{"start":{"line":76,"column":16},"end":{"line":76,"column":22}},"type":"default-arg","locations":[{"start":{"line":76,"column":20},"end":{"line":76,"column":22}}],"line":76},"7":{"loc":{"start":{"line":80,"column":21},"end":{"line":80,"column":28}},"type":"default-arg","locations":[{"start":{"line":80,"column":26},"end":{"line":80,"column":28}}],"line":80},"8":{"loc":{"start":{"line":85,"column":6},"end":{"line":85,"column":16}},"type":"default-arg","locations":[{"start":{"line":85,"column":14},"end":{"line":85,"column":16}}],"line":85},"9":{"loc":{"start":{"line":89,"column":4},"end":{"line":91,"column":5}},"type":"if","locations":[{"start":{"line":89,"column":4},"end":{"line":91,"column":5}},{"start":{"line":89,"column":4},"end":{"line":91,"column":5}}],"line":89}},"s":{"0":1,"1":1,"2":1,"3":1,"4":1,"5":3,"6":3,"7":3,"8":3,"9":1,"10":3,"11":1,"12":1,"13":1,"14":1,"15":1,"16":1,"17":1,"18":2,"19":2,"20":2,"21":2,"22":2,"23":2,"24":22,"25":22},"f":{"0":1,"1":1,"2":3,"3":1,"4":1,"5":2,"6":0},"b":{"0":[0],"1":[0],"2":[0],"3":[0],"4":[1,2],"5":[3,3],"6":[0],"7":[0],"8":[0],"9":[1,0]},"_coverageSchema":"332fd63041d2c1bcb487cc26dd0d5f7d97098a6c","hash":"bb078a56b1738f61a03f055a416db477e5ccfce3"}
,"/Users/tandemseven/T7/t7-components/forms/source/textdiv/textdiv.js": {"path":"/Users/tandemseven/T7/t7-components/forms/source/textdiv/textdiv.js","statementMap":{"0":{"start":{"line":25,"column":4},"end":{"line":25,"column":16}},"1":{"start":{"line":28,"column":4},"end":{"line":28,"column":14}},"2":{"start":{"line":31,"column":4},"end":{"line":31,"column":23}},"3":{"start":{"line":40,"column":8},"end":{"line":40,"column":18}},"4":{"start":{"line":42,"column":4},"end":{"line":46,"column":5}},"5":{"start":{"line":52,"column":22},"end":{"line":52,"column":27}},"6":{"start":{"line":55,"column":25},"end":{"line":55,"column":30}},"7":{"start":{"line":58,"column":19},"end":{"line":58,"column":23}},"8":{"start":{"line":61,"column":4},"end":{"line":69,"column":5}},"9":{"start":{"line":65,"column":6},"end":{"line":68,"column":7}},"10":{"start":{"line":72,"column":4},"end":{"line":72,"column":19}},"11":{"start":{"line":77,"column":4},"end":{"line":77,"column":51}},"12":{"start":{"line":82,"column":4},"end":{"line":82,"column":21}},"13":{"start":{"line":87,"column":4},"end":{"line":87,"column":22}},"14":{"start":{"line":88,"column":4},"end":{"line":88,"column":24}},"15":{"start":{"line":93,"column":4},"end":{"line":93,"column":21}},"16":{"start":{"line":94,"column":4},"end":{"line":94,"column":24}},"17":{"start":{"line":100,"column":28},"end":{"line":100,"column":38}},"18":{"start":{"line":105,"column":8},"end":{"line":105,"column":9}},"19":{"start":{"line":110,"column":8},"end":{"line":110,"column":10}},"20":{"start":{"line":113,"column":4},"end":{"line":113,"column":32}},"21":{"start":{"line":116,"column":4},"end":{"line":118,"column":5}},"22":{"start":{"line":117,"column":6},"end":{"line":117,"column":16}},"23":{"start":{"line":121,"column":4},"end":{"line":123,"column":5}},"24":{"start":{"line":122,"column":6},"end":{"line":122,"column":53}},"25":{"start":{"line":126,"column":4},"end":{"line":126,"column":37}},"26":{"start":{"line":132,"column":19},"end":{"line":132,"column":29}},"27":{"start":{"line":143,"column":8},"end":{"line":143,"column":18}},"28":{"start":{"line":146,"column":20},"end":{"line":146,"column":30}},"29":{"start":{"line":149,"column":4},"end":{"line":152,"column":5}},"30":{"start":{"line":155,"column":36},"end":{"line":157,"column":5}},"31":{"start":{"line":165,"column":8},"end":{"line":165,"column":12}},"32":{"start":{"line":168,"column":26},"end":{"line":172,"column":5}},"33":{"start":{"line":175,"column":26},"end":{"line":209,"column":5}},"34":{"start":{"line":212,"column":4},"end":{"line":224,"column":5}},"35":{"start":{"line":229,"column":0},"end":{"line":247,"column":1}},"36":{"start":{"line":250,"column":0},"end":{"line":253,"column":1}}},"fnMap":{"0":{"name":"(anonymous_0)","decl":{"start":{"line":23,"column":2},"end":{"line":23,"column":3}},"loc":{"start":{"line":23,"column":22},"end":{"line":32,"column":3}},"line":23},"1":{"name":"(anonymous_1)","decl":{"start":{"line":35,"column":2},"end":{"line":35,"column":3}},"loc":{"start":{"line":35,"column":18},"end":{"line":47,"column":3}},"line":35},"2":{"name":"(anonymous_2)","decl":{"start":{"line":50,"column":2},"end":{"line":50,"column":3}},"loc":{"start":{"line":50,"column":59},"end":{"line":73,"column":3}},"line":50},"3":{"name":"(anonymous_3)","decl":{"start":{"line":76,"column":2},"end":{"line":76,"column":3}},"loc":{"start":{"line":76,"column":23},"end":{"line":78,"column":3}},"line":76},"4":{"name":"(anonymous_4)","decl":{"start":{"line":81,"column":2},"end":{"line":81,"column":3}},"loc":{"start":{"line":81,"column":18},"end":{"line":83,"column":3}},"line":81},"5":{"name":"(anonymous_5)","decl":{"start":{"line":86,"column":2},"end":{"line":86,"column":3}},"loc":{"start":{"line":86,"column":18},"end":{"line":89,"column":3}},"line":86},"6":{"name":"(anonymous_6)","decl":{"start":{"line":92,"column":2},"end":{"line":92,"column":3}},"loc":{"start":{"line":92,"column":18},"end":{"line":95,"column":3}},"line":92},"7":{"name":"(anonymous_7)","decl":{"start":{"line":98,"column":2},"end":{"line":98,"column":3}},"loc":{"start":{"line":98,"column":24},"end":{"line":127,"column":3}},"line":98},"8":{"name":"(anonymous_8)","decl":{"start":{"line":130,"column":2},"end":{"line":130,"column":3}},"loc":{"start":{"line":130,"column":12},"end":{"line":225,"column":3}},"line":130},"9":{"name":"(anonymous_9)","decl":{"start":{"line":252,"column":16},"end":{"line":252,"column":17}},"loc":{"start":{"line":252,"column":22},"end":{"line":252,"column":24}},"line":252}},"branchMap":{"0":{"loc":{"start":{"line":38,"column":6},"end":{"line":38,"column":19}},"type":"default-arg","locations":[{"start":{"line":38,"column":11},"end":{"line":38,"column":19}}],"line":38},"1":{"loc":{"start":{"line":39,"column":6},"end":{"line":39,"column":16}},"type":"default-arg","locations":[{"start":{"line":39,"column":14},"end":{"line":39,"column":16}}],"line":39},"2":{"loc":{"start":{"line":50,"column":35},"end":{"line":50,"column":45}},"type":"default-arg","locations":[{"start":{"line":50,"column":43},"end":{"line":50,"column":45}}],"line":50},"3":{"loc":{"start":{"line":50,"column":47},"end":{"line":50,"column":57}},"type":"default-arg","locations":[{"start":{"line":50,"column":55},"end":{"line":50,"column":57}}],"line":50},"4":{"loc":{"start":{"line":61,"column":4},"end":{"line":69,"column":5}},"type":"if","locations":[{"start":{"line":61,"column":4},"end":{"line":69,"column":5}},{"start":{"line":61,"column":4},"end":{"line":69,"column":5}}],"line":61},"5":{"loc":{"start":{"line":62,"column":6},"end":{"line":63,"column":24}},"type":"binary-expr","locations":[{"start":{"line":62,"column":6},"end":{"line":62,"column":19}},{"start":{"line":63,"column":6},"end":{"line":63,"column":24}}],"line":62},"6":{"loc":{"start":{"line":98,"column":16},"end":{"line":98,"column":22}},"type":"default-arg","locations":[{"start":{"line":98,"column":20},"end":{"line":98,"column":22}}],"line":98},"7":{"loc":{"start":{"line":104,"column":21},"end":{"line":104,"column":28}},"type":"default-arg","locations":[{"start":{"line":104,"column":26},"end":{"line":104,"column":28}}],"line":104},"8":{"loc":{"start":{"line":116,"column":4},"end":{"line":118,"column":5}},"type":"if","locations":[{"start":{"line":116,"column":4},"end":{"line":118,"column":5}},{"start":{"line":116,"column":4},"end":{"line":118,"column":5}}],"line":116},"9":{"loc":{"start":{"line":121,"column":4},"end":{"line":123,"column":5}},"type":"if","locations":[{"start":{"line":121,"column":4},"end":{"line":123,"column":5}},{"start":{"line":121,"column":4},"end":{"line":123,"column":5}}],"line":121},"10":{"loc":{"start":{"line":150,"column":6},"end":{"line":151,"column":17}},"type":"binary-expr","locations":[{"start":{"line":150,"column":6},"end":{"line":150,"column":11}},{"start":{"line":151,"column":6},"end":{"line":151,"column":17}}],"line":150},"11":{"loc":{"start":{"line":195,"column":8},"end":{"line":196,"column":17}},"type":"binary-expr","locations":[{"start":{"line":195,"column":8},"end":{"line":195,"column":17}},{"start":{"line":196,"column":8},"end":{"line":196,"column":17}}],"line":195},"12":{"loc":{"start":{"line":200,"column":8},"end":{"line":202,"column":13}},"type":"cond-expr","locations":[{"start":{"line":201,"column":12},"end":{"line":201,"column":16}},{"start":{"line":202,"column":12},"end":{"line":202,"column":13}}],"line":200},"13":{"loc":{"start":{"line":206,"column":8},"end":{"line":207,"column":41}},"type":"binary-expr","locations":[{"start":{"line":206,"column":8},"end":{"line":206,"column":14}},{"start":{"line":207,"column":8},"end":{"line":207,"column":41}}],"line":206}},"s":{"0":1,"1":1,"2":1,"3":16,"4":16,"5":2,"6":2,"7":2,"8":2,"9":1,"10":2,"11":1,"12":1,"13":1,"14":1,"15":1,"16":1,"17":4,"18":4,"19":4,"20":4,"21":4,"22":1,"23":4,"24":1,"25":4,"26":1,"27":1,"28":1,"29":1,"30":1,"31":1,"32":1,"33":1,"34":1,"35":22,"36":22},"f":{"0":1,"1":16,"2":2,"3":1,"4":1,"5":1,"6":1,"7":4,"8":1,"9":0},"b":{"0":[0],"1":[0],"2":[0],"3":[0],"4":[1,1],"5":[2,2],"6":[0],"7":[1],"8":[1,3],"9":[1,3],"10":[1,0],"11":[1,0],"12":[1,0],"13":[1,1]},"_coverageSchema":"332fd63041d2c1bcb487cc26dd0d5f7d97098a6c","hash":"5dbd1fa58f3e970dee34e0a2bcc07c4069c52f28"}
}
