{"/Users/tandemseven/T7/t7-components/forms/source/index.js": {"path":"/Users/tandemseven/T7/t7-components/forms/source/index.js","statementMap":{},"fnMap":{},"branchMap":{},"s":{},"f":{},"b":{},"_coverageSchema":"332fd63041d2c1bcb487cc26dd0d5f7d97098a6c","hash":"e462c123d8daca6b8200ddc833a3dc8dacd00e21"}
,"/Users/tandemseven/T7/t7-components/forms/source/button/button.js": {"path":"/Users/tandemseven/T7/t7-components/forms/source/button/button.js","statementMap":{"0":{"start":{"line":12,"column":4},"end":{"line":12,"column":16}},"1":{"start":{"line":15,"column":4},"end":{"line":15,"column":20}},"2":{"start":{"line":21,"column":27},"end":{"line":21,"column":37}},"3":{"start":{"line":24,"column":4},"end":{"line":24,"column":41}},"4":{"start":{"line":40,"column":8},"end":{"line":40,"column":18}},"5":{"start":{"line":43,"column":28},"end":{"line":43,"column":32}},"6":{"start":{"line":50,"column":4},"end":{"line":57,"column":5}},"7":{"start":{"line":51,"column":6},"end":{"line":51,"column":18}},"8":{"start":{"line":54,"column":6},"end":{"line":56,"column":7}},"9":{"start":{"line":55,"column":8},"end":{"line":55,"column":35}},"10":{"start":{"line":60,"column":19},"end":{"line":80,"column":5}},"11":{"start":{"line":83,"column":22},"end":{"line":96,"column":5}},"12":{"start":{"line":99,"column":24},"end":{"line":103,"column":5}},"13":{"start":{"line":107,"column":6},"end":{"line":109,"column":15}},"14":{"start":{"line":113,"column":4},"end":{"line":120,"column":5}},"15":{"start":{"line":115,"column":6},"end":{"line":119,"column":7}},"16":{"start":{"line":123,"column":4},"end":{"line":123,"column":17}},"17":{"start":{"line":128,"column":0},"end":{"line":142,"column":1}},"18":{"start":{"line":145,"column":0},"end":{"line":153,"column":1}}},"fnMap":{"0":{"name":"(anonymous_0)","decl":{"start":{"line":10,"column":2},"end":{"line":10,"column":3}},"loc":{"start":{"line":10,"column":22},"end":{"line":16,"column":3}},"line":10},"1":{"name":"(anonymous_1)","decl":{"start":{"line":19,"column":2},"end":{"line":19,"column":3}},"loc":{"start":{"line":19,"column":23},"end":{"line":25,"column":3}},"line":19},"2":{"name":"(anonymous_2)","decl":{"start":{"line":28,"column":2},"end":{"line":28,"column":3}},"loc":{"start":{"line":28,"column":12},"end":{"line":124,"column":3}},"line":28},"3":{"name":"(anonymous_3)","decl":{"start":{"line":152,"column":15},"end":{"line":152,"column":16}},"loc":{"start":{"line":152,"column":21},"end":{"line":152,"column":23}},"line":152}},"branchMap":{"0":{"loc":{"start":{"line":19,"column":15},"end":{"line":19,"column":21}},"type":"default-arg","locations":[{"start":{"line":19,"column":19},"end":{"line":19,"column":21}}],"line":19},"1":{"loc":{"start":{"line":50,"column":4},"end":{"line":57,"column":5}},"type":"if","locations":[{"start":{"line":50,"column":4},"end":{"line":57,"column":5}},{"start":{"line":50,"column":4},"end":{"line":57,"column":5}}],"line":50},"2":{"loc":{"start":{"line":54,"column":6},"end":{"line":56,"column":7}},"type":"if","locations":[{"start":{"line":54,"column":6},"end":{"line":56,"column":7}},{"start":{"line":54,"column":6},"end":{"line":56,"column":7}}],"line":54},"3":{"loc":{"start":{"line":54,"column":10},"end":{"line":54,"column":24}},"type":"binary-expr","locations":[{"start":{"line":54,"column":10},"end":{"line":54,"column":14}},{"start":{"line":54,"column":18},"end":{"line":54,"column":24}}],"line":54},"4":{"loc":{"start":{"line":76,"column":8},"end":{"line":78,"column":23}},"type":"cond-expr","locations":[{"start":{"line":77,"column":12},"end":{"line":77,"column":16}},{"start":{"line":78,"column":12},"end":{"line":78,"column":23}}],"line":76},"5":{"loc":{"start":{"line":87,"column":8},"end":{"line":89,"column":16}},"type":"cond-expr","locations":[{"start":{"line":88,"column":12},"end":{"line":88,"column":16}},{"start":{"line":89,"column":12},"end":{"line":89,"column":16}}],"line":87},"6":{"loc":{"start":{"line":92,"column":8},"end":{"line":94,"column":18}},"type":"cond-expr","locations":[{"start":{"line":93,"column":12},"end":{"line":93,"column":16}},{"start":{"line":94,"column":12},"end":{"line":94,"column":18}}],"line":92},"7":{"loc":{"start":{"line":113,"column":4},"end":{"line":120,"column":5}},"type":"if","locations":[{"start":{"line":113,"column":4},"end":{"line":120,"column":5}},{"start":{"line":113,"column":4},"end":{"line":120,"column":5}}],"line":113}},"s":{"0":2,"1":2,"2":1,"3":1,"4":2,"5":2,"6":2,"7":1,"8":1,"9":1,"10":2,"11":2,"12":2,"13":2,"14":2,"15":1,"16":2,"17":9,"18":9},"f":{"0":2,"1":1,"2":2,"3":0},"b":{"0":[0],"1":[1,1],"2":[1,0],"3":[1,1],"4":[1,1],"5":[1,1],"6":[1,1],"7":[1,1]},"_coverageSchema":"332fd63041d2c1bcb487cc26dd0d5f7d97098a6c","hash":"34eecfbf74b30cc3231185beb2a2631fdc3ab332"}
,"/Users/tandemseven/T7/t7-components/forms/source/checkbox/checkbox.js": {"path":"/Users/tandemseven/T7/t7-components/forms/source/checkbox/checkbox.js","statementMap":{"0":{"start":{"line":16,"column":4},"end":{"line":16,"column":16}},"1":{"start":{"line":19,"column":4},"end":{"line":19,"column":14}},"2":{"start":{"line":22,"column":4},"end":{"line":22,"column":23}},"3":{"start":{"line":31,"column":8},"end":{"line":31,"column":18}},"4":{"start":{"line":33,"column":4},"end":{"line":36,"column":5}},"5":{"start":{"line":42,"column":23},"end":{"line":42,"column":36}},"6":{"start":{"line":43,"column":23},"end":{"line":43,"column":36}},"7":{"start":{"line":46,"column":19},"end":{"line":46,"column":23}},"8":{"start":{"line":49,"column":4},"end":{"line":56,"column":5}},"9":{"start":{"line":53,"column":6},"end":{"line":55,"column":7}},"10":{"start":{"line":59,"column":4},"end":{"line":59,"column":19}},"11":{"start":{"line":65,"column":23},"end":{"line":65,"column":24}},"12":{"start":{"line":71,"column":8},"end":{"line":71,"column":14}},"13":{"start":{"line":73,"column":4},"end":{"line":75,"column":6}},"14":{"start":{"line":78,"column":4},"end":{"line":78,"column":46}},"15":{"start":{"line":87,"column":8},"end":{"line":87,"column":18}},"16":{"start":{"line":98,"column":8},"end":{"line":98,"column":18}},"17":{"start":{"line":101,"column":29},"end":{"line":101,"column":33}},"18":{"start":{"line":109,"column":4},"end":{"line":119,"column":5}},"19":{"start":{"line":110,"column":6},"end":{"line":110,"column":36}},"20":{"start":{"line":111,"column":6},"end":{"line":111,"column":43}},"21":{"start":{"line":112,"column":6},"end":{"line":112,"column":41}},"22":{"start":{"line":115,"column":11},"end":{"line":119,"column":5}},"23":{"start":{"line":116,"column":6},"end":{"line":116,"column":33}},"24":{"start":{"line":117,"column":6},"end":{"line":117,"column":40}},"25":{"start":{"line":118,"column":6},"end":{"line":118,"column":38}},"26":{"start":{"line":122,"column":19},"end":{"line":132,"column":5}},"27":{"start":{"line":135,"column":4},"end":{"line":141,"column":5}},"28":{"start":{"line":136,"column":6},"end":{"line":136,"column":37}},"29":{"start":{"line":140,"column":6},"end":{"line":140,"column":30}},"30":{"start":{"line":144,"column":4},"end":{"line":158,"column":5}},"31":{"start":{"line":163,"column":0},"end":{"line":183,"column":1}},"32":{"start":{"line":186,"column":0},"end":{"line":191,"column":1}}},"fnMap":{"0":{"name":"(anonymous_0)","decl":{"start":{"line":14,"column":2},"end":{"line":14,"column":3}},"loc":{"start":{"line":14,"column":22},"end":{"line":23,"column":3}},"line":14},"1":{"name":"(anonymous_1)","decl":{"start":{"line":26,"column":2},"end":{"line":26,"column":3}},"loc":{"start":{"line":26,"column":18},"end":{"line":37,"column":3}},"line":26},"2":{"name":"(anonymous_2)","decl":{"start":{"line":40,"column":2},"end":{"line":40,"column":3}},"loc":{"start":{"line":40,"column":49},"end":{"line":60,"column":3}},"line":40},"3":{"name":"(anonymous_3)","decl":{"start":{"line":63,"column":2},"end":{"line":63,"column":3}},"loc":{"start":{"line":63,"column":24},"end":{"line":79,"column":3}},"line":63},"4":{"name":"(anonymous_4)","decl":{"start":{"line":82,"column":2},"end":{"line":82,"column":3}},"loc":{"start":{"line":82,"column":12},"end":{"line":159,"column":3}},"line":82},"5":{"name":"(anonymous_5)","decl":{"start":{"line":190,"column":16},"end":{"line":190,"column":17}},"loc":{"start":{"line":190,"column":22},"end":{"line":190,"column":24}},"line":190}},"branchMap":{"0":{"loc":{"start":{"line":30,"column":6},"end":{"line":30,"column":19}},"type":"default-arg","locations":[{"start":{"line":30,"column":11},"end":{"line":30,"column":19}}],"line":30},"1":{"loc":{"start":{"line":49,"column":4},"end":{"line":56,"column":5}},"type":"if","locations":[{"start":{"line":49,"column":4},"end":{"line":56,"column":5}},{"start":{"line":49,"column":4},"end":{"line":56,"column":5}}],"line":49},"2":{"loc":{"start":{"line":50,"column":6},"end":{"line":51,"column":31}},"type":"binary-expr","locations":[{"start":{"line":50,"column":6},"end":{"line":50,"column":24}},{"start":{"line":51,"column":6},"end":{"line":51,"column":31}}],"line":50},"3":{"loc":{"start":{"line":63,"column":16},"end":{"line":63,"column":22}},"type":"default-arg","locations":[{"start":{"line":63,"column":20},"end":{"line":63,"column":22}}],"line":63},"4":{"loc":{"start":{"line":70,"column":6},"end":{"line":70,"column":16}},"type":"default-arg","locations":[{"start":{"line":70,"column":14},"end":{"line":70,"column":16}}],"line":70},"5":{"loc":{"start":{"line":109,"column":4},"end":{"line":119,"column":5}},"type":"if","locations":[{"start":{"line":109,"column":4},"end":{"line":119,"column":5}},{"start":{"line":109,"column":4},"end":{"line":119,"column":5}}],"line":109},"6":{"loc":{"start":{"line":115,"column":11},"end":{"line":119,"column":5}},"type":"if","locations":[{"start":{"line":115,"column":11},"end":{"line":119,"column":5}},{"start":{"line":115,"column":11},"end":{"line":119,"column":5}}],"line":115},"7":{"loc":{"start":{"line":135,"column":4},"end":{"line":141,"column":5}},"type":"if","locations":[{"start":{"line":135,"column":4},"end":{"line":141,"column":5}},{"start":{"line":135,"column":4},"end":{"line":141,"column":5}}],"line":135}},"s":{"0":2,"1":2,"2":2,"3":2,"4":2,"5":4,"6":4,"7":4,"8":4,"9":1,"10":4,"11":1,"12":1,"13":1,"14":1,"15":3,"16":3,"17":3,"18":3,"19":2,"20":2,"21":2,"22":1,"23":1,"24":1,"25":1,"26":3,"27":3,"28":1,"29":2,"30":3,"31":9,"32":9},"f":{"0":2,"1":2,"2":4,"3":1,"4":3,"5":0},"b":{"0":[1],"1":[1,3],"2":[4,3],"3":[0],"4":[0],"5":[2,1],"6":[1,0],"7":[1,2]},"_coverageSchema":"332fd63041d2c1bcb487cc26dd0d5f7d97098a6c","hash":"7ca53f9fd6f0b39fac4169c6e900f1a27cc8dadb"}
,"/Users/tandemseven/T7/t7-components/forms/source/input/input.js": {"path":"/Users/tandemseven/T7/t7-components/forms/source/input/input.js","statementMap":{"0":{"start":{"line":20,"column":4},"end":{"line":20,"column":16}},"1":{"start":{"line":23,"column":4},"end":{"line":23,"column":14}},"2":{"start":{"line":26,"column":4},"end":{"line":26,"column":23}},"3":{"start":{"line":35,"column":8},"end":{"line":35,"column":18}},"4":{"start":{"line":37,"column":4},"end":{"line":40,"column":5}},"5":{"start":{"line":46,"column":21},"end":{"line":46,"column":32}},"6":{"start":{"line":47,"column":21},"end":{"line":47,"column":32}},"7":{"start":{"line":50,"column":19},"end":{"line":50,"column":23}},"8":{"start":{"line":53,"column":4},"end":{"line":60,"column":5}},"9":{"start":{"line":57,"column":6},"end":{"line":59,"column":7}},"10":{"start":{"line":63,"column":4},"end":{"line":63,"column":19}},"11":{"start":{"line":72,"column":8},"end":{"line":72,"column":9}},"12":{"start":{"line":77,"column":8},"end":{"line":77,"column":14}},"13":{"start":{"line":80,"column":4},"end":{"line":82,"column":5}},"14":{"start":{"line":81,"column":6},"end":{"line":81,"column":25}},"15":{"start":{"line":85,"column":4},"end":{"line":85,"column":28}},"16":{"start":{"line":88,"column":4},"end":{"line":88,"column":37}},"17":{"start":{"line":97,"column":8},"end":{"line":97,"column":18}},"18":{"start":{"line":111,"column":8},"end":{"line":111,"column":18}},"19":{"start":{"line":114,"column":29},"end":{"line":114,"column":33}},"20":{"start":{"line":117,"column":20},"end":{"line":117,"column":32}},"21":{"start":{"line":119,"column":4},"end":{"line":124,"column":5}},"22":{"start":{"line":123,"column":6},"end":{"line":123,"column":44}},"23":{"start":{"line":127,"column":4},"end":{"line":127,"column":35}},"24":{"start":{"line":130,"column":19},"end":{"line":145,"column":5}},"25":{"start":{"line":148,"column":4},"end":{"line":161,"column":5}},"26":{"start":{"line":166,"column":0},"end":{"line":190,"column":1}},"27":{"start":{"line":193,"column":0},"end":{"line":198,"column":1}}},"fnMap":{"0":{"name":"(anonymous_0)","decl":{"start":{"line":18,"column":2},"end":{"line":18,"column":3}},"loc":{"start":{"line":18,"column":22},"end":{"line":27,"column":3}},"line":18},"1":{"name":"(anonymous_1)","decl":{"start":{"line":30,"column":2},"end":{"line":30,"column":3}},"loc":{"start":{"line":30,"column":18},"end":{"line":41,"column":3}},"line":30},"2":{"name":"(anonymous_2)","decl":{"start":{"line":44,"column":2},"end":{"line":44,"column":3}},"loc":{"start":{"line":44,"column":49},"end":{"line":64,"column":3}},"line":44},"3":{"name":"(anonymous_3)","decl":{"start":{"line":67,"column":2},"end":{"line":67,"column":3}},"loc":{"start":{"line":67,"column":24},"end":{"line":89,"column":3}},"line":67},"4":{"name":"(anonymous_4)","decl":{"start":{"line":92,"column":2},"end":{"line":92,"column":3}},"loc":{"start":{"line":92,"column":12},"end":{"line":162,"column":3}},"line":92},"5":{"name":"(anonymous_5)","decl":{"start":{"line":197,"column":16},"end":{"line":197,"column":17}},"loc":{"start":{"line":197,"column":22},"end":{"line":197,"column":24}},"line":197}},"branchMap":{"0":{"loc":{"start":{"line":33,"column":6},"end":{"line":33,"column":19}},"type":"default-arg","locations":[{"start":{"line":33,"column":11},"end":{"line":33,"column":19}}],"line":33},"1":{"loc":{"start":{"line":34,"column":6},"end":{"line":34,"column":16}},"type":"default-arg","locations":[{"start":{"line":34,"column":14},"end":{"line":34,"column":16}}],"line":34},"2":{"loc":{"start":{"line":53,"column":4},"end":{"line":60,"column":5}},"type":"if","locations":[{"start":{"line":53,"column":4},"end":{"line":60,"column":5}},{"start":{"line":53,"column":4},"end":{"line":60,"column":5}}],"line":53},"3":{"loc":{"start":{"line":54,"column":6},"end":{"line":55,"column":27}},"type":"binary-expr","locations":[{"start":{"line":54,"column":6},"end":{"line":54,"column":22}},{"start":{"line":55,"column":6},"end":{"line":55,"column":27}}],"line":54},"4":{"loc":{"start":{"line":67,"column":16},"end":{"line":67,"column":22}},"type":"default-arg","locations":[{"start":{"line":67,"column":20},"end":{"line":67,"column":22}}],"line":67},"5":{"loc":{"start":{"line":71,"column":6},"end":{"line":71,"column":17}},"type":"default-arg","locations":[{"start":{"line":71,"column":15},"end":{"line":71,"column":17}}],"line":71},"6":{"loc":{"start":{"line":76,"column":6},"end":{"line":76,"column":16}},"type":"default-arg","locations":[{"start":{"line":76,"column":14},"end":{"line":76,"column":16}}],"line":76},"7":{"loc":{"start":{"line":80,"column":4},"end":{"line":82,"column":5}},"type":"if","locations":[{"start":{"line":80,"column":4},"end":{"line":82,"column":5}},{"start":{"line":80,"column":4},"end":{"line":82,"column":5}}],"line":80},"8":{"loc":{"start":{"line":119,"column":4},"end":{"line":124,"column":5}},"type":"if","locations":[{"start":{"line":119,"column":4},"end":{"line":124,"column":5}},{"start":{"line":119,"column":4},"end":{"line":124,"column":5}}],"line":119},"9":{"loc":{"start":{"line":120,"column":6},"end":{"line":121,"column":22}},"type":"binary-expr","locations":[{"start":{"line":120,"column":6},"end":{"line":120,"column":10}},{"start":{"line":121,"column":6},"end":{"line":121,"column":22}}],"line":120}},"s":{"0":1,"1":1,"2":1,"3":1,"4":1,"5":3,"6":3,"7":3,"8":3,"9":2,"10":3,"11":1,"12":1,"13":1,"14":1,"15":1,"16":1,"17":2,"18":2,"19":2,"20":2,"21":2,"22":2,"23":2,"24":2,"25":2,"26":9,"27":9},"f":{"0":1,"1":1,"2":3,"3":1,"4":2,"5":0},"b":{"0":[0],"1":[0],"2":[2,1],"3":[3,3],"4":[0],"5":[0],"6":[0],"7":[1,0],"8":[2,0],"9":[2,0]},"_coverageSchema":"332fd63041d2c1bcb487cc26dd0d5f7d97098a6c","hash":"703617fbf9192d605adf49b9d9c81d91bddd2af0"}
,"/Users/tandemseven/T7/t7-components/forms/source/label/label.js": {"path":"/Users/tandemseven/T7/t7-components/forms/source/label/label.js","statementMap":{"0":{"start":{"line":15,"column":8},"end":{"line":15,"column":18}},"1":{"start":{"line":18,"column":4},"end":{"line":40,"column":5}},"2":{"start":{"line":45,"column":0},"end":{"line":49,"column":1}}},"fnMap":{"0":{"name":"(anonymous_0)","decl":{"start":{"line":9,"column":2},"end":{"line":9,"column":3}},"loc":{"start":{"line":9,"column":12},"end":{"line":41,"column":3}},"line":9}},"branchMap":{},"s":{"0":10,"1":10,"2":9},"f":{"0":10},"b":{},"_coverageSchema":"332fd63041d2c1bcb487cc26dd0d5f7d97098a6c","hash":"fc53ea73cb6a7dc37d174deb11798513d99d9d61"}
,"/Users/tandemseven/T7/t7-components/forms/source/radio/radio.js": {"path":"/Users/tandemseven/T7/t7-components/forms/source/radio/radio.js","statementMap":{"0":{"start":{"line":12,"column":4},"end":{"line":17,"column":5}}},"fnMap":{"0":{"name":"(anonymous_0)","decl":{"start":{"line":10,"column":2},"end":{"line":10,"column":3}},"loc":{"start":{"line":10,"column":12},"end":{"line":18,"column":3}},"line":10}},"branchMap":{},"s":{"0":1},"f":{"0":1},"b":{},"_coverageSchema":"332fd63041d2c1bcb487cc26dd0d5f7d97098a6c","hash":"b0479b92cbf018b3dd7f9f94e33659d6a33ac68f"}
,"/Users/tandemseven/T7/t7-components/forms/source/select/select.js": {"path":"/Users/tandemseven/T7/t7-components/forms/source/select/select.js","statementMap":{"0":{"start":{"line":19,"column":4},"end":{"line":19,"column":16}},"1":{"start":{"line":22,"column":4},"end":{"line":22,"column":14}},"2":{"start":{"line":25,"column":4},"end":{"line":25,"column":23}},"3":{"start":{"line":34,"column":8},"end":{"line":34,"column":18}},"4":{"start":{"line":36,"column":4},"end":{"line":39,"column":5}},"5":{"start":{"line":45,"column":21},"end":{"line":45,"column":32}},"6":{"start":{"line":46,"column":21},"end":{"line":46,"column":32}},"7":{"start":{"line":49,"column":19},"end":{"line":49,"column":23}},"8":{"start":{"line":52,"column":4},"end":{"line":59,"column":5}},"9":{"start":{"line":56,"column":6},"end":{"line":58,"column":7}},"10":{"start":{"line":62,"column":4},"end":{"line":62,"column":19}},"11":{"start":{"line":70,"column":8},"end":{"line":70,"column":9}},"12":{"start":{"line":75,"column":8},"end":{"line":75,"column":14}},"13":{"start":{"line":78,"column":4},"end":{"line":78,"column":28}},"14":{"start":{"line":81,"column":4},"end":{"line":81,"column":37}},"15":{"start":{"line":87,"column":24},"end":{"line":87,"column":34}},"16":{"start":{"line":90,"column":17},"end":{"line":106,"column":6}},"17":{"start":{"line":95,"column":10},"end":{"line":95,"column":11}},"18":{"start":{"line":98,"column":6},"end":{"line":105,"column":7}},"19":{"start":{"line":109,"column":4},"end":{"line":109,"column":15}},"20":{"start":{"line":118,"column":8},"end":{"line":118,"column":18}},"21":{"start":{"line":128,"column":8},"end":{"line":128,"column":18}},"22":{"start":{"line":131,"column":29},"end":{"line":131,"column":33}},"23":{"start":{"line":134,"column":20},"end":{"line":134,"column":33}},"24":{"start":{"line":136,"column":4},"end":{"line":138,"column":5}},"25":{"start":{"line":137,"column":6},"end":{"line":137,"column":45}},"26":{"start":{"line":141,"column":4},"end":{"line":141,"column":35}},"27":{"start":{"line":144,"column":19},"end":{"line":154,"column":5}},"28":{"start":{"line":157,"column":4},"end":{"line":170,"column":5}},"29":{"start":{"line":175,"column":0},"end":{"line":193,"column":1}},"30":{"start":{"line":196,"column":0},"end":{"line":214,"column":1}}},"fnMap":{"0":{"name":"(anonymous_0)","decl":{"start":{"line":17,"column":2},"end":{"line":17,"column":3}},"loc":{"start":{"line":17,"column":22},"end":{"line":26,"column":3}},"line":17},"1":{"name":"(anonymous_1)","decl":{"start":{"line":29,"column":2},"end":{"line":29,"column":3}},"loc":{"start":{"line":29,"column":18},"end":{"line":40,"column":3}},"line":29},"2":{"name":"(anonymous_2)","decl":{"start":{"line":43,"column":2},"end":{"line":43,"column":3}},"loc":{"start":{"line":43,"column":49},"end":{"line":63,"column":3}},"line":43},"3":{"name":"(anonymous_3)","decl":{"start":{"line":66,"column":2},"end":{"line":66,"column":3}},"loc":{"start":{"line":66,"column":24},"end":{"line":82,"column":3}},"line":66},"4":{"name":"(anonymous_4)","decl":{"start":{"line":85,"column":2},"end":{"line":85,"column":3}},"loc":{"start":{"line":85,"column":15},"end":{"line":110,"column":3}},"line":85},"5":{"name":"(anonymous_5)","decl":{"start":{"line":90,"column":29},"end":{"line":90,"column":30}},"loc":{"start":{"line":90,"column":44},"end":{"line":106,"column":5}},"line":90},"6":{"name":"(anonymous_6)","decl":{"start":{"line":113,"column":2},"end":{"line":113,"column":3}},"loc":{"start":{"line":113,"column":12},"end":{"line":171,"column":3}},"line":113},"7":{"name":"(anonymous_7)","decl":{"start":{"line":213,"column":16},"end":{"line":213,"column":17}},"loc":{"start":{"line":213,"column":22},"end":{"line":213,"column":24}},"line":213}},"branchMap":{"0":{"loc":{"start":{"line":32,"column":6},"end":{"line":32,"column":19}},"type":"default-arg","locations":[{"start":{"line":32,"column":11},"end":{"line":32,"column":19}}],"line":32},"1":{"loc":{"start":{"line":33,"column":6},"end":{"line":33,"column":16}},"type":"default-arg","locations":[{"start":{"line":33,"column":14},"end":{"line":33,"column":16}}],"line":33},"2":{"loc":{"start":{"line":52,"column":4},"end":{"line":59,"column":5}},"type":"if","locations":[{"start":{"line":52,"column":4},"end":{"line":59,"column":5}},{"start":{"line":52,"column":4},"end":{"line":59,"column":5}}],"line":52},"3":{"loc":{"start":{"line":53,"column":6},"end":{"line":54,"column":27}},"type":"binary-expr","locations":[{"start":{"line":53,"column":6},"end":{"line":53,"column":22}},{"start":{"line":54,"column":6},"end":{"line":54,"column":27}}],"line":53},"4":{"loc":{"start":{"line":66,"column":16},"end":{"line":66,"column":22}},"type":"default-arg","locations":[{"start":{"line":66,"column":20},"end":{"line":66,"column":22}}],"line":66},"5":{"loc":{"start":{"line":69,"column":6},"end":{"line":69,"column":17}},"type":"default-arg","locations":[{"start":{"line":69,"column":15},"end":{"line":69,"column":17}}],"line":69},"6":{"loc":{"start":{"line":74,"column":6},"end":{"line":74,"column":16}},"type":"default-arg","locations":[{"start":{"line":74,"column":14},"end":{"line":74,"column":16}}],"line":74},"7":{"loc":{"start":{"line":90,"column":30},"end":{"line":90,"column":36}},"type":"default-arg","locations":[{"start":{"line":90,"column":34},"end":{"line":90,"column":36}}],"line":90},"8":{"loc":{"start":{"line":136,"column":4},"end":{"line":138,"column":5}},"type":"if","locations":[{"start":{"line":136,"column":4},"end":{"line":138,"column":5}},{"start":{"line":136,"column":4},"end":{"line":138,"column":5}}],"line":136}},"s":{"0":1,"1":1,"2":1,"3":1,"4":1,"5":3,"6":3,"7":3,"8":3,"9":1,"10":3,"11":1,"12":1,"13":1,"14":1,"15":2,"16":2,"17":4,"18":4,"19":2,"20":2,"21":2,"22":2,"23":2,"24":2,"25":2,"26":2,"27":2,"28":2,"29":9,"30":9},"f":{"0":1,"1":1,"2":3,"3":1,"4":2,"5":4,"6":2,"7":0},"b":{"0":[0],"1":[0],"2":[1,2],"3":[3,3],"4":[0],"5":[0],"6":[0],"7":[0],"8":[2,0]},"_coverageSchema":"332fd63041d2c1bcb487cc26dd0d5f7d97098a6c","hash":"3cf772df00abeff94dee938de98bdfdcf7d5cd3a"}
,"/Users/tandemseven/T7/t7-components/forms/source/textarea/textarea.js": {"path":"/Users/tandemseven/T7/t7-components/forms/source/textarea/textarea.js","statementMap":{"0":{"start":{"line":20,"column":4},"end":{"line":20,"column":16}},"1":{"start":{"line":23,"column":4},"end":{"line":23,"column":14}},"2":{"start":{"line":26,"column":4},"end":{"line":26,"column":23}},"3":{"start":{"line":35,"column":8},"end":{"line":35,"column":18}},"4":{"start":{"line":37,"column":4},"end":{"line":40,"column":5}},"5":{"start":{"line":46,"column":21},"end":{"line":46,"column":32}},"6":{"start":{"line":47,"column":21},"end":{"line":47,"column":32}},"7":{"start":{"line":50,"column":19},"end":{"line":50,"column":23}},"8":{"start":{"line":53,"column":4},"end":{"line":60,"column":5}},"9":{"start":{"line":57,"column":6},"end":{"line":59,"column":7}},"10":{"start":{"line":63,"column":4},"end":{"line":63,"column":19}},"11":{"start":{"line":68,"column":4},"end":{"line":68,"column":51}},"12":{"start":{"line":77,"column":8},"end":{"line":77,"column":9}},"13":{"start":{"line":82,"column":8},"end":{"line":82,"column":14}},"14":{"start":{"line":85,"column":4},"end":{"line":87,"column":5}},"15":{"start":{"line":86,"column":6},"end":{"line":86,"column":34}},"16":{"start":{"line":90,"column":4},"end":{"line":90,"column":28}},"17":{"start":{"line":93,"column":4},"end":{"line":93,"column":37}},"18":{"start":{"line":102,"column":8},"end":{"line":102,"column":18}},"19":{"start":{"line":113,"column":8},"end":{"line":113,"column":18}},"20":{"start":{"line":116,"column":29},"end":{"line":116,"column":33}},"21":{"start":{"line":119,"column":19},"end":{"line":132,"column":5}},"22":{"start":{"line":135,"column":4},"end":{"line":148,"column":5}},"23":{"start":{"line":153,"column":0},"end":{"line":174,"column":1}},"24":{"start":{"line":177,"column":0},"end":{"line":180,"column":1}}},"fnMap":{"0":{"name":"(anonymous_0)","decl":{"start":{"line":18,"column":2},"end":{"line":18,"column":3}},"loc":{"start":{"line":18,"column":22},"end":{"line":27,"column":3}},"line":18},"1":{"name":"(anonymous_1)","decl":{"start":{"line":30,"column":2},"end":{"line":30,"column":3}},"loc":{"start":{"line":30,"column":18},"end":{"line":41,"column":3}},"line":30},"2":{"name":"(anonymous_2)","decl":{"start":{"line":44,"column":2},"end":{"line":44,"column":3}},"loc":{"start":{"line":44,"column":49},"end":{"line":64,"column":3}},"line":44},"3":{"name":"(anonymous_3)","decl":{"start":{"line":67,"column":2},"end":{"line":67,"column":3}},"loc":{"start":{"line":67,"column":23},"end":{"line":69,"column":3}},"line":67},"4":{"name":"(anonymous_4)","decl":{"start":{"line":72,"column":2},"end":{"line":72,"column":3}},"loc":{"start":{"line":72,"column":24},"end":{"line":94,"column":3}},"line":72},"5":{"name":"(anonymous_5)","decl":{"start":{"line":97,"column":2},"end":{"line":97,"column":3}},"loc":{"start":{"line":97,"column":12},"end":{"line":149,"column":3}},"line":97},"6":{"name":"(anonymous_6)","decl":{"start":{"line":179,"column":16},"end":{"line":179,"column":17}},"loc":{"start":{"line":179,"column":22},"end":{"line":179,"column":24}},"line":179}},"branchMap":{"0":{"loc":{"start":{"line":33,"column":6},"end":{"line":33,"column":19}},"type":"default-arg","locations":[{"start":{"line":33,"column":11},"end":{"line":33,"column":19}}],"line":33},"1":{"loc":{"start":{"line":34,"column":6},"end":{"line":34,"column":16}},"type":"default-arg","locations":[{"start":{"line":34,"column":14},"end":{"line":34,"column":16}}],"line":34},"2":{"loc":{"start":{"line":53,"column":4},"end":{"line":60,"column":5}},"type":"if","locations":[{"start":{"line":53,"column":4},"end":{"line":60,"column":5}},{"start":{"line":53,"column":4},"end":{"line":60,"column":5}}],"line":53},"3":{"loc":{"start":{"line":54,"column":6},"end":{"line":55,"column":27}},"type":"binary-expr","locations":[{"start":{"line":54,"column":6},"end":{"line":54,"column":22}},{"start":{"line":55,"column":6},"end":{"line":55,"column":27}}],"line":54},"4":{"loc":{"start":{"line":72,"column":16},"end":{"line":72,"column":22}},"type":"default-arg","locations":[{"start":{"line":72,"column":20},"end":{"line":72,"column":22}}],"line":72},"5":{"loc":{"start":{"line":76,"column":6},"end":{"line":76,"column":17}},"type":"default-arg","locations":[{"start":{"line":76,"column":15},"end":{"line":76,"column":17}}],"line":76},"6":{"loc":{"start":{"line":81,"column":6},"end":{"line":81,"column":16}},"type":"default-arg","locations":[{"start":{"line":81,"column":14},"end":{"line":81,"column":16}}],"line":81},"7":{"loc":{"start":{"line":85,"column":4},"end":{"line":87,"column":5}},"type":"if","locations":[{"start":{"line":85,"column":4},"end":{"line":87,"column":5}},{"start":{"line":85,"column":4},"end":{"line":87,"column":5}}],"line":85}},"s":{"0":1,"1":1,"2":1,"3":1,"4":1,"5":3,"6":3,"7":3,"8":3,"9":2,"10":3,"11":1,"12":1,"13":1,"14":1,"15":1,"16":1,"17":1,"18":2,"19":2,"20":2,"21":2,"22":2,"23":9,"24":9},"f":{"0":1,"1":1,"2":3,"3":1,"4":1,"5":2,"6":0},"b":{"0":[0],"1":[0],"2":[2,1],"3":[3,3],"4":[0],"5":[0],"6":[0],"7":[1,0]},"_coverageSchema":"332fd63041d2c1bcb487cc26dd0d5f7d97098a6c","hash":"390609b8d8b99ee54fb5e571b0fb1eaf90c495fc"}
,"/Users/tandemseven/T7/t7-components/forms/source/textdiv/textdiv.js": {"path":"/Users/tandemseven/T7/t7-components/forms/source/textdiv/textdiv.js","statementMap":{"0":{"start":{"line":25,"column":4},"end":{"line":25,"column":16}},"1":{"start":{"line":28,"column":4},"end":{"line":28,"column":14}},"2":{"start":{"line":31,"column":4},"end":{"line":31,"column":23}},"3":{"start":{"line":41,"column":8},"end":{"line":41,"column":18}},"4":{"start":{"line":45,"column":6},"end":{"line":46,"column":25}},"5":{"start":{"line":49,"column":4},"end":{"line":53,"column":5}},"6":{"start":{"line":59,"column":21},"end":{"line":59,"column":32}},"7":{"start":{"line":60,"column":21},"end":{"line":60,"column":32}},"8":{"start":{"line":63,"column":19},"end":{"line":63,"column":23}},"9":{"start":{"line":66,"column":4},"end":{"line":74,"column":5}},"10":{"start":{"line":70,"column":6},"end":{"line":73,"column":7}},"11":{"start":{"line":77,"column":4},"end":{"line":77,"column":19}},"12":{"start":{"line":82,"column":4},"end":{"line":82,"column":51}},"13":{"start":{"line":87,"column":4},"end":{"line":89,"column":5}},"14":{"start":{"line":88,"column":6},"end":{"line":88,"column":12}},"15":{"start":{"line":91,"column":4},"end":{"line":91,"column":21}},"16":{"start":{"line":93,"column":4},"end":{"line":95,"column":6}},"17":{"start":{"line":101,"column":28},"end":{"line":101,"column":38}},"18":{"start":{"line":104,"column":23},"end":{"line":104,"column":24}},"19":{"start":{"line":109,"column":8},"end":{"line":109,"column":14}},"20":{"start":{"line":113,"column":6},"end":{"line":114,"column":25}},"21":{"start":{"line":117,"column":4},"end":{"line":117,"column":37}},"22":{"start":{"line":119,"column":4},"end":{"line":119,"column":22}},"23":{"start":{"line":120,"column":4},"end":{"line":120,"column":24}},"24":{"start":{"line":125,"column":4},"end":{"line":125,"column":22}},"25":{"start":{"line":126,"column":4},"end":{"line":126,"column":24}},"26":{"start":{"line":131,"column":4},"end":{"line":131,"column":21}},"27":{"start":{"line":132,"column":4},"end":{"line":132,"column":24}},"28":{"start":{"line":138,"column":28},"end":{"line":138,"column":38}},"29":{"start":{"line":143,"column":8},"end":{"line":143,"column":9}},"30":{"start":{"line":148,"column":8},"end":{"line":148,"column":14}},"31":{"start":{"line":151,"column":4},"end":{"line":151,"column":32}},"32":{"start":{"line":154,"column":4},"end":{"line":156,"column":5}},"33":{"start":{"line":155,"column":6},"end":{"line":155,"column":16}},"34":{"start":{"line":159,"column":4},"end":{"line":159,"column":37}},"35":{"start":{"line":168,"column":8},"end":{"line":168,"column":18}},"36":{"start":{"line":177,"column":8},"end":{"line":177,"column":18}},"37":{"start":{"line":180,"column":20},"end":{"line":180,"column":30}},"38":{"start":{"line":183,"column":4},"end":{"line":186,"column":5}},"39":{"start":{"line":189,"column":36},"end":{"line":191,"column":5}},"40":{"start":{"line":200,"column":8},"end":{"line":200,"column":12}},"41":{"start":{"line":203,"column":19},"end":{"line":220,"column":5}},"42":{"start":{"line":223,"column":4},"end":{"line":236,"column":5}},"43":{"start":{"line":241,"column":0},"end":{"line":257,"column":1}},"44":{"start":{"line":260,"column":0},"end":{"line":263,"column":1}}},"fnMap":{"0":{"name":"(anonymous_0)","decl":{"start":{"line":23,"column":2},"end":{"line":23,"column":3}},"loc":{"start":{"line":23,"column":22},"end":{"line":32,"column":3}},"line":23},"1":{"name":"(anonymous_1)","decl":{"start":{"line":35,"column":2},"end":{"line":35,"column":3}},"loc":{"start":{"line":35,"column":18},"end":{"line":54,"column":3}},"line":35},"2":{"name":"(anonymous_2)","decl":{"start":{"line":57,"column":2},"end":{"line":57,"column":3}},"loc":{"start":{"line":57,"column":49},"end":{"line":78,"column":3}},"line":57},"3":{"name":"(anonymous_3)","decl":{"start":{"line":81,"column":2},"end":{"line":81,"column":3}},"loc":{"start":{"line":81,"column":23},"end":{"line":83,"column":3}},"line":81},"4":{"name":"(anonymous_4)","decl":{"start":{"line":86,"column":2},"end":{"line":86,"column":3}},"loc":{"start":{"line":86,"column":18},"end":{"line":96,"column":3}},"line":86},"5":{"name":"(anonymous_5)","decl":{"start":{"line":99,"column":2},"end":{"line":99,"column":3}},"loc":{"start":{"line":99,"column":22},"end":{"line":121,"column":3}},"line":99},"6":{"name":"(anonymous_6)","decl":{"start":{"line":124,"column":2},"end":{"line":124,"column":3}},"loc":{"start":{"line":124,"column":18},"end":{"line":127,"column":3}},"line":124},"7":{"name":"(anonymous_7)","decl":{"start":{"line":130,"column":2},"end":{"line":130,"column":3}},"loc":{"start":{"line":130,"column":18},"end":{"line":133,"column":3}},"line":130},"8":{"name":"(anonymous_8)","decl":{"start":{"line":136,"column":2},"end":{"line":136,"column":3}},"loc":{"start":{"line":136,"column":24},"end":{"line":160,"column":3}},"line":136},"9":{"name":"(anonymous_9)","decl":{"start":{"line":163,"column":2},"end":{"line":163,"column":3}},"loc":{"start":{"line":163,"column":12},"end":{"line":237,"column":3}},"line":163},"10":{"name":"(anonymous_10)","decl":{"start":{"line":262,"column":16},"end":{"line":262,"column":17}},"loc":{"start":{"line":262,"column":22},"end":{"line":262,"column":24}},"line":262}},"branchMap":{"0":{"loc":{"start":{"line":39,"column":6},"end":{"line":39,"column":19}},"type":"default-arg","locations":[{"start":{"line":39,"column":11},"end":{"line":39,"column":19}}],"line":39},"1":{"loc":{"start":{"line":40,"column":6},"end":{"line":40,"column":16}},"type":"default-arg","locations":[{"start":{"line":40,"column":14},"end":{"line":40,"column":16}}],"line":40},"2":{"loc":{"start":{"line":45,"column":6},"end":{"line":46,"column":25}},"type":"binary-expr","locations":[{"start":{"line":45,"column":6},"end":{"line":45,"column":12}},{"start":{"line":46,"column":6},"end":{"line":46,"column":25}}],"line":45},"3":{"loc":{"start":{"line":66,"column":4},"end":{"line":74,"column":5}},"type":"if","locations":[{"start":{"line":66,"column":4},"end":{"line":74,"column":5}},{"start":{"line":66,"column":4},"end":{"line":74,"column":5}}],"line":66},"4":{"loc":{"start":{"line":67,"column":6},"end":{"line":68,"column":27}},"type":"binary-expr","locations":[{"start":{"line":67,"column":6},"end":{"line":67,"column":22}},{"start":{"line":68,"column":6},"end":{"line":68,"column":27}}],"line":67},"5":{"loc":{"start":{"line":87,"column":4},"end":{"line":89,"column":5}},"type":"if","locations":[{"start":{"line":87,"column":4},"end":{"line":89,"column":5}},{"start":{"line":87,"column":4},"end":{"line":89,"column":5}}],"line":87},"6":{"loc":{"start":{"line":99,"column":14},"end":{"line":99,"column":20}},"type":"default-arg","locations":[{"start":{"line":99,"column":18},"end":{"line":99,"column":20}}],"line":99},"7":{"loc":{"start":{"line":113,"column":6},"end":{"line":114,"column":25}},"type":"binary-expr","locations":[{"start":{"line":113,"column":6},"end":{"line":113,"column":18}},{"start":{"line":114,"column":6},"end":{"line":114,"column":25}}],"line":113},"8":{"loc":{"start":{"line":136,"column":16},"end":{"line":136,"column":22}},"type":"default-arg","locations":[{"start":{"line":136,"column":20},"end":{"line":136,"column":22}}],"line":136},"9":{"loc":{"start":{"line":142,"column":6},"end":{"line":142,"column":17}},"type":"default-arg","locations":[{"start":{"line":142,"column":15},"end":{"line":142,"column":17}}],"line":142},"10":{"loc":{"start":{"line":154,"column":4},"end":{"line":156,"column":5}},"type":"if","locations":[{"start":{"line":154,"column":4},"end":{"line":156,"column":5}},{"start":{"line":154,"column":4},"end":{"line":156,"column":5}}],"line":154},"11":{"loc":{"start":{"line":184,"column":6},"end":{"line":185,"column":17}},"type":"binary-expr","locations":[{"start":{"line":184,"column":6},"end":{"line":184,"column":11}},{"start":{"line":185,"column":6},"end":{"line":185,"column":17}}],"line":184}},"s":{"0":1,"1":1,"2":1,"3":16,"4":16,"5":16,"6":4,"7":4,"8":4,"9":4,"10":1,"11":4,"12":1,"13":2,"14":1,"15":1,"16":1,"17":1,"18":1,"19":1,"20":1,"21":1,"22":1,"23":1,"24":1,"25":1,"26":1,"27":1,"28":5,"29":5,"30":5,"31":5,"32":5,"33":1,"34":5,"35":3,"36":3,"37":3,"38":3,"39":3,"40":3,"41":3,"42":3,"43":9,"44":9},"f":{"0":1,"1":16,"2":4,"3":1,"4":2,"5":1,"6":1,"7":1,"8":5,"9":3,"10":0},"b":{"0":[0],"1":[0],"2":[16,0],"3":[1,3],"4":[4,4],"5":[1,1],"6":[0],"7":[1,0],"8":[0],"9":[2],"10":[1,4],"11":[3,0]},"_coverageSchema":"332fd63041d2c1bcb487cc26dd0d5f7d97098a6c","hash":"23602b6b311a64d4eedaf63bf475baa6391abcae"}
}
