TN:
SF:/Users/tandemseven/T7/t7-components/forms/source/index.js
FNF:0
FNH:0
LF:0
LH:0
BRF:0
BRH:0
end_of_record
TN:
SF:/Users/tandemseven/T7/t7-components/forms/source/button/button.js
FN:12,(anonymous_0)
FN:21,(anonymous_1)
FN:30,(anonymous_2)
FN:155,(anonymous_3)
FNF:4
FNH:3
FNDA:2,(anonymous_0)
FNDA:1,(anonymous_1)
FNDA:2,(anonymous_2)
FNDA:0,(anonymous_3)
DA:14,2
DA:17,2
DA:23,1
DA:26,1
DA:42,2
DA:45,2
DA:52,2
DA:53,1
DA:56,1
DA:57,1
DA:62,2
DA:86,2
DA:102,2
DA:110,2
DA:116,2
DA:118,1
DA:126,2
DA:131,23
DA:148,23
LF:19
LH:19
BRDA:21,0,0,0
BRDA:52,1,0,1
BRDA:52,1,1,1
BRDA:56,2,0,1
BRDA:56,2,1,0
BRDA:56,3,0,1
BRDA:56,3,1,1
BRDA:79,4,0,1
BRDA:79,4,1,1
BRDA:90,5,0,1
BRDA:90,5,1,1
BRDA:95,6,0,1
BRDA:95,6,1,1
BRDA:116,7,0,1
BRDA:116,7,1,1
BRF:15
BRH:13
end_of_record
TN:
SF:/Users/tandemseven/T7/t7-components/forms/source/checkbox/checkbox.js
FN:15,(anonymous_0)
FN:27,(anonymous_1)
FN:42,(anonymous_2)
FN:68,(anonymous_3)
FN:89,(anonymous_4)
FN:231,(anonymous_5)
FNF:6
FNH:5
FNDA:2,(anonymous_0)
FNDA:2,(anonymous_1)
FNDA:4,(anonymous_2)
FNDA:1,(anonymous_3)
FNDA:3,(anonymous_4)
FNDA:0,(anonymous_5)
DA:17,2
DA:20,2
DA:23,2
DA:32,2
DA:34,2
DA:44,4
DA:47,4
DA:50,4
DA:53,4
DA:57,1
DA:64,4
DA:72,1
DA:78,1
DA:80,1
DA:85,1
DA:94,3
DA:109,3
DA:112,3
DA:116,3
DA:120,3
DA:136,3
DA:152,3
DA:172,3
DA:173,1
DA:177,2
DA:181,3
DA:200,23
DA:227,23
LF:28
LH:28
BRDA:31,0,0,1
BRDA:42,1,0,0
BRDA:42,2,0,0
BRDA:53,3,0,1
BRDA:53,3,1,3
BRDA:54,4,0,4
BRDA:54,4,1,3
BRDA:68,5,0,0
BRDA:71,6,0,0
BRDA:77,7,0,0
BRDA:127,8,0,1
BRDA:127,8,1,2
BRDA:143,9,0,1
BRDA:143,9,1,2
BRDA:165,10,0,1
BRDA:165,10,1,2
BRDA:172,11,0,1
BRDA:172,11,1,2
BRF:18
BRH:13
end_of_record
TN:
SF:/Users/tandemseven/T7/t7-components/forms/source/error_message/error_message.js
FN:12,(anonymous_0)
FNF:1
FNH:1
FNDA:28,(anonymous_0)
DA:17,28
DA:19,28
DA:20,28
DA:23,28
DA:38,28
DA:49,23
LF:6
LH:6
BRF:0
BRH:0
end_of_record
TN:
SF:/Users/tandemseven/T7/t7-components/forms/source/input/input.js
FN:22,(anonymous_0)
FN:34,(anonymous_1)
FN:50,(anonymous_2)
FN:79,(anonymous_3)
FN:106,(anonymous_4)
FN:158,(anonymous_5)
FN:186,(anonymous_6)
FN:345,(anonymous_7)
FN:348,(anonymous_8)
FNF:9
FNH:8
FNDA:15,(anonymous_0)
FNDA:15,(anonymous_1)
FNDA:23,(anonymous_2)
FNDA:3,(anonymous_3)
FNDA:3,(anonymous_4)
FNDA:2,(anonymous_5)
FNDA:22,(anonymous_6)
FNDA:0,(anonymous_7)
FNDA:4,(anonymous_8)
DA:24,15
DA:27,15
DA:30,15
DA:40,15
DA:42,15
DA:55,23
DA:58,23
DA:61,23
DA:64,23
DA:68,1
DA:75,23
DA:83,3
DA:86,3
DA:93,3
DA:98,3
DA:99,3
DA:103,3
DA:106,3
DA:108,3
DA:117,3
DA:120,3
DA:126,3
DA:132,3
DA:133,3
DA:137,3
DA:144,3
DA:147,3
DA:148,3
DA:154,3
DA:163,2
DA:168,2
DA:171,2
DA:172,1
DA:176,2
DA:179,2
DA:182,2
DA:191,22
DA:215,22
DA:218,22
DA:221,22
DA:226,22
DA:230,3
DA:234,22
DA:239,22
DA:246,22
DA:257,22
DA:276,22
DA:297,23
DA:341,23
DA:349,4
LF:50
LH:50
BRDA:38,0,0,14
BRDA:39,1,0,0
BRDA:50,2,0,0
BRDA:50,3,0,0
BRDA:64,4,0,1
BRDA:64,4,1,22
BRDA:65,5,0,23
BRDA:65,5,1,23
BRDA:79,6,0,0
BRDA:79,7,0,0
BRDA:82,8,0,0
BRDA:93,9,0,3
BRDA:93,9,1,0
BRDA:108,10,0,3
BRDA:108,10,1,0
BRDA:109,11,0,3
BRDA:109,11,1,3
BRDA:109,11,2,3
BRDA:132,12,0,3
BRDA:132,12,1,2
BRDA:133,13,0,3
BRDA:133,13,1,2
BRDA:137,14,0,1
BRDA:137,14,1,2
BRDA:137,15,0,3
BRDA:137,15,1,2
BRDA:147,16,0,3
BRDA:147,16,1,0
BRDA:158,17,0,0
BRDA:162,18,0,0
BRDA:167,19,0,0
BRDA:171,20,0,1
BRDA:171,20,1,1
BRDA:226,21,0,3
BRDA:226,21,1,19
BRDA:227,22,0,22
BRDA:227,22,1,19
BRF:37
BRH:25
end_of_record
TN:
SF:/Users/tandemseven/T7/t7-components/forms/source/input_alphanumeric/input_alphanumeric.js
FN:15,(anonymous_0)
FNF:1
FNH:1
FNDA:1,(anonymous_0)
DA:17,1
LF:1
LH:1
BRF:0
BRH:0
end_of_record
TN:
SF:/Users/tandemseven/T7/t7-components/forms/source/input_date/input_date.js
FN:58,(anonymous_0)
FN:80,(anonymous_1)
FN:96,(anonymous_2)
FN:128,(anonymous_3)
FN:145,(anonymous_4)
FN:157,(anonymous_5)
FN:179,(anonymous_6)
FN:220,(anonymous_7)
FN:245,(anonymous_8)
FN:253,(anonymous_9)
FN:300,(anonymous_10)
FNF:11
FNH:10
FNDA:22,(anonymous_0)
FNDA:26,(anonymous_1)
FNDA:18,(anonymous_2)
FNDA:40,(anonymous_3)
FNDA:4,(anonymous_4)
FNDA:4,(anonymous_5)
FNDA:10,(anonymous_6)
FNDA:4,(anonymous_7)
FNDA:8,(anonymous_8)
FNDA:8,(anonymous_9)
FNDA:0,(anonymous_10)
DA:17,23
DA:18,23
DA:20,23
DA:21,23
DA:23,23
DA:24,23
DA:26,23
DA:27,23
DA:29,23
DA:34,23
DA:39,23
DA:60,22
DA:61,22
DA:65,22
DA:71,22
DA:72,6
DA:76,22
DA:82,26
DA:85,26
DA:86,26
DA:89,26
DA:92,26
DA:98,18
DA:102,18
DA:107,18
DA:111,18
DA:114,18
DA:116,18
DA:120,1
DA:124,18
DA:130,40
DA:131,40
DA:134,40
DA:147,4
DA:150,4
DA:153,4
DA:163,4
DA:167,4
DA:172,4
DA:184,10
DA:191,10
DA:195,10
DA:198,10
DA:201,10
DA:202,1
DA:205,9
DA:210,1
DA:216,10
DA:225,4
DA:229,4
DA:233,4
DA:238,4
DA:241,4
DA:246,8
DA:249,8
DA:255,8
DA:258,8
DA:260,8
DA:261,8
DA:264,8
DA:267,8
DA:270,8
DA:286,23
DA:296,23
LF:64
LH:64
BRDA:58,0,0,0
BRDA:65,1,0,17
BRDA:65,1,1,5
BRDA:71,2,0,6
BRDA:71,2,1,16
BRDA:80,3,0,0
BRDA:96,4,0,1
BRDA:116,5,0,1
BRDA:116,5,1,17
BRDA:117,6,0,18
BRDA:117,6,1,4
BRDA:128,7,0,0
BRDA:167,8,0,4
BRDA:167,8,1,4
BRDA:179,9,0,0
BRDA:179,10,0,0
BRDA:201,11,0,1
BRDA:201,11,1,9
BRDA:205,12,0,1
BRDA:205,12,1,8
BRDA:206,13,0,9
BRDA:206,13,1,1
BRDA:206,13,2,1
BRDA:220,14,0,0
BRDA:233,15,0,4
BRDA:233,15,1,4
BRF:26
BRH:20
end_of_record
TN:
SF:/Users/tandemseven/T7/t7-components/forms/source/input_date_uk/input_date_uk.js
FN:10,(anonymous_0)
FNF:1
FNH:1
FNDA:1,(anonymous_0)
DA:12,1
LF:1
LH:1
BRF:0
BRH:0
end_of_record
TN:
SF:/Users/tandemseven/T7/t7-components/forms/source/input_date_us/input_date_us.js
FN:10,(anonymous_0)
FNF:1
FNH:1
FNDA:1,(anonymous_0)
DA:12,1
LF:1
LH:1
BRF:0
BRH:0
end_of_record
TN:
SF:/Users/tandemseven/T7/t7-components/forms/source/input_integer/input_integer.js
FN:15,(anonymous_0)
FNF:1
FNH:1
FNDA:1,(anonymous_0)
DA:17,1
LF:1
LH:1
BRF:0
BRH:0
end_of_record
TN:
SF:/Users/tandemseven/T7/t7-components/forms/source/input_money/input_money.js
FN:16,(anonymous_0)
FN:25,(anonymous_1)
FN:44,(anonymous_2)
FN:53,(anonymous_3)
FN:79,(anonymous_4)
FNF:5
FNH:4
FNDA:7,(anonymous_0)
FNDA:1,(anonymous_1)
FNDA:1,(anonymous_2)
FNDA:7,(anonymous_3)
FNDA:0,(anonymous_4)
DA:18,7
DA:21,7
DA:27,1
DA:30,1
DA:31,1
DA:32,1
DA:36,1
DA:37,1
DA:40,1
DA:46,1
DA:49,1
DA:55,7
DA:58,7
DA:69,23
DA:77,23
LF:15
LH:15
BRDA:25,0,0,0
BRDA:30,1,0,1
BRDA:30,1,1,0
BRDA:37,2,0,1
BRDA:37,2,1,0
BRDA:44,3,0,0
BRF:6
BRH:2
end_of_record
TN:
SF:/Users/tandemseven/T7/t7-components/forms/source/input_money_de/input_money_de.js
FN:15,(anonymous_0)
FNF:1
FNH:1
FNDA:1,(anonymous_0)
DA:17,1
LF:1
LH:1
BRF:0
BRH:0
end_of_record
TN:
SF:/Users/tandemseven/T7/t7-components/forms/source/input_money_in/input_money_in.js
FN:15,(anonymous_0)
FNF:1
FNH:1
FNDA:1,(anonymous_0)
DA:17,1
LF:1
LH:1
BRF:0
BRH:0
end_of_record
TN:
SF:/Users/tandemseven/T7/t7-components/forms/source/input_money_jp/input_money_jp.js
FN:15,(anonymous_0)
FNF:1
FNH:1
FNDA:1,(anonymous_0)
DA:17,1
LF:1
LH:1
BRF:0
BRH:0
end_of_record
TN:
SF:/Users/tandemseven/T7/t7-components/forms/source/input_money_kr/input_money_kr.js
FN:15,(anonymous_0)
FNF:1
FNH:1
FNDA:1,(anonymous_0)
DA:17,1
LF:1
LH:1
BRF:0
BRH:0
end_of_record
TN:
SF:/Users/tandemseven/T7/t7-components/forms/source/input_money_uk/input_money_uk.js
FN:15,(anonymous_0)
FNF:1
FNH:1
FNDA:1,(anonymous_0)
DA:17,1
LF:1
LH:1
BRF:0
BRH:0
end_of_record
TN:
SF:/Users/tandemseven/T7/t7-components/forms/source/input_money_us/input_money_us.js
FN:15,(anonymous_0)
FNF:1
FNH:1
FNDA:1,(anonymous_0)
DA:17,1
LF:1
LH:1
BRF:0
BRH:0
end_of_record
TN:
SF:/Users/tandemseven/T7/t7-components/forms/source/input_phone_us/input_phone_us.js
FN:30,(anonymous_0)
FN:45,(anonymous_1)
FN:72,(anonymous_2)
FN:84,(anonymous_3)
FN:105,(anonymous_4)
FN:145,(anonymous_5)
FN:169,(anonymous_6)
FN:202,(anonymous_7)
FNF:8
FNH:7
FNDA:7,(anonymous_0)
FNDA:6,(anonymous_1)
FNDA:1,(anonymous_2)
FNDA:1,(anonymous_3)
FNDA:4,(anonymous_4)
FNDA:1,(anonymous_5)
FNDA:2,(anonymous_6)
FNDA:0,(anonymous_7)
DA:33,7
DA:36,7
DA:37,4
DA:41,7
DA:48,6
DA:51,6
DA:53,6
DA:57,1
DA:61,6
DA:74,1
DA:77,1
DA:80,1
DA:89,1
DA:93,1
DA:98,1
DA:110,4
DA:116,4
DA:120,4
DA:123,4
DA:126,4
DA:127,1
DA:130,3
DA:135,1
DA:141,4
DA:149,1
DA:153,1
DA:157,1
DA:162,1
DA:165,1
DA:171,2
DA:174,2
DA:177,2
DA:191,23
DA:200,23
LF:34
LH:34
BRDA:30,0,0,0
BRDA:36,1,0,4
BRDA:36,1,1,3
BRDA:45,2,0,1
BRDA:53,3,0,1
BRDA:53,3,1,5
BRDA:54,4,0,6
BRDA:54,4,1,1
BRDA:93,5,0,1
BRDA:93,5,1,1
BRDA:105,6,0,0
BRDA:105,7,0,0
BRDA:126,8,0,1
BRDA:126,8,1,3
BRDA:130,9,0,1
BRDA:130,9,1,2
BRDA:131,10,0,3
BRDA:131,10,1,1
BRDA:131,10,2,1
BRDA:145,11,0,0
BRDA:157,12,0,1
BRDA:157,12,1,1
BRF:22
BRH:18
end_of_record
TN:
SF:/Users/tandemseven/T7/t7-components/forms/source/label/label.js
FN:12,(anonymous_0)
FNF:1
FNH:1
FNDA:28,(anonymous_0)
DA:22,28
DA:25,28
DA:39,28
DA:54,28
DA:76,23
LF:5
LH:5
BRF:0
BRH:0
end_of_record
TN:
SF:/Users/tandemseven/T7/t7-components/forms/source/radio/radio.js
FN:10,(anonymous_0)
FNF:1
FNH:1
FNDA:1,(anonymous_0)
DA:12,1
LF:1
LH:1
BRF:0
BRH:0
end_of_record
TN:
SF:/Users/tandemseven/T7/t7-components/forms/source/select/select.js
FN:20,(anonymous_0)
FN:32,(anonymous_1)
FN:47,(anonymous_2)
FN:73,(anonymous_3)
FN:92,(anonymous_4)
FN:97,(anonymous_5)
FN:120,(anonymous_6)
FN:251,(anonymous_7)
FNF:8
FNH:7
FNDA:1,(anonymous_0)
FNDA:1,(anonymous_1)
FNDA:3,(anonymous_2)
FNDA:1,(anonymous_3)
FNDA:2,(anonymous_4)
FNDA:4,(anonymous_5)
FNDA:2,(anonymous_6)
FNDA:0,(anonymous_7)
DA:22,1
DA:25,1
DA:28,1
DA:37,1
DA:39,1
DA:49,3
DA:52,3
DA:55,3
DA:58,3
DA:62,1
DA:69,3
DA:77,1
DA:82,1
DA:85,1
DA:88,1
DA:94,2
DA:97,2
DA:102,4
DA:105,4
DA:116,2
DA:125,2
DA:145,2
DA:148,2
DA:151,2
DA:156,2
DA:157,2
DA:161,2
DA:164,2
DA:171,2
DA:182,2
DA:196,2
DA:217,23
DA:247,23
LF:33
LH:33
BRDA:35,0,0,0
BRDA:36,1,0,0
BRDA:47,2,0,0
BRDA:47,3,0,0
BRDA:58,4,0,1
BRDA:58,4,1,2
BRDA:59,5,0,3
BRDA:59,5,1,3
BRDA:73,6,0,0
BRDA:76,7,0,0
BRDA:81,8,0,0
BRDA:97,9,0,0
BRDA:156,10,0,2
BRDA:156,10,1,0
BRF:14
BRH:5
end_of_record
TN:
SF:/Users/tandemseven/T7/t7-components/forms/source/textarea/textarea.js
FN:22,(anonymous_0)
FN:34,(anonymous_1)
FN:49,(anonymous_2)
FN:75,(anonymous_3)
FN:80,(anonymous_4)
FN:105,(anonymous_5)
FN:236,(anonymous_6)
FNF:7
FNH:6
FNDA:1,(anonymous_0)
FNDA:1,(anonymous_1)
FNDA:3,(anonymous_2)
FNDA:1,(anonymous_3)
FNDA:1,(anonymous_4)
FNDA:2,(anonymous_5)
FNDA:0,(anonymous_6)
DA:24,1
DA:27,1
DA:30,1
DA:39,1
DA:41,1
DA:51,3
DA:54,3
DA:57,3
DA:60,3
DA:64,1
DA:71,3
DA:76,1
DA:85,1
DA:90,1
DA:93,1
DA:94,1
DA:98,1
DA:101,1
DA:110,2
DA:131,2
DA:134,2
DA:137,2
DA:145,2
DA:152,2
DA:163,2
DA:180,2
DA:201,23
DA:234,23
LF:28
LH:28
BRDA:37,0,0,0
BRDA:38,1,0,0
BRDA:49,2,0,0
BRDA:49,3,0,0
BRDA:60,4,0,1
BRDA:60,4,1,2
BRDA:61,5,0,3
BRDA:61,5,1,3
BRDA:80,6,0,0
BRDA:84,7,0,0
BRDA:89,8,0,0
BRDA:93,9,0,1
BRDA:93,9,1,0
BRF:13
BRH:5
end_of_record
TN:
SF:/Users/tandemseven/T7/t7-components/forms/source/textdiv/textdiv.js
FN:26,(anonymous_0)
FN:38,(anonymous_1)
FN:53,(anonymous_2)
FN:79,(anonymous_3)
FN:84,(anonymous_4)
FN:89,(anonymous_5)
FN:95,(anonymous_6)
FN:101,(anonymous_7)
FN:133,(anonymous_8)
FN:294,(anonymous_9)
FNF:10
FNH:9
FNDA:1,(anonymous_0)
FNDA:18,(anonymous_1)
FNDA:2,(anonymous_2)
FNDA:1,(anonymous_3)
FNDA:1,(anonymous_4)
FNDA:1,(anonymous_5)
FNDA:1,(anonymous_6)
FNDA:4,(anonymous_7)
FNDA:1,(anonymous_8)
FNDA:0,(anonymous_9)
DA:28,1
DA:31,1
DA:34,1
DA:43,18
DA:45,18
DA:55,2
DA:58,2
DA:61,2
DA:64,2
DA:68,1
DA:75,2
DA:80,1
DA:85,1
DA:90,1
DA:91,1
DA:96,1
DA:97,1
DA:103,4
DA:108,4
DA:113,4
DA:116,4
DA:119,4
DA:120,1
DA:124,4
DA:125,1
DA:129,4
DA:135,1
DA:155,1
DA:158,1
DA:161,1
DA:167,1
DA:177,1
DA:180,1
DA:188,1
DA:195,1
DA:206,1
DA:242,1
DA:263,23
DA:292,23
LF:39
LH:39
BRDA:41,0,0,0
BRDA:42,1,0,0
BRDA:53,2,0,0
BRDA:53,3,0,0
BRDA:64,4,0,1
BRDA:64,4,1,1
BRDA:65,5,0,2
BRDA:65,5,1,2
BRDA:101,6,0,0
BRDA:107,7,0,1
BRDA:119,8,0,1
BRDA:119,8,1,3
BRDA:124,9,0,1
BRDA:124,9,1,3
BRDA:162,10,0,1
BRDA:162,10,1,0
BRDA:225,11,0,1
BRDA:225,11,1,0
BRDA:230,12,0,1
BRDA:230,12,1,0
BRDA:236,13,0,1
BRDA:236,13,1,1
BRF:22
BRH:14
end_of_record
