TN:
SF:/Users/tandemseven/T7/t7-components/forms/source/index.js
FNF:0
FNH:0
LF:0
LH:0
BRF:0
BRH:0
end_of_record
TN:
SF:/Users/tandemseven/T7/t7-components/forms/source/button/button.js
FN:12,(anonymous_0)
FN:21,(anonymous_1)
FN:30,(anonymous_2)
FN:155,(anonymous_3)
FNF:4
FNH:3
FNDA:2,(anonymous_0)
FNDA:1,(anonymous_1)
FNDA:2,(anonymous_2)
FNDA:0,(anonymous_3)
DA:14,2
DA:17,2
DA:23,1
DA:26,1
DA:42,2
DA:45,2
DA:52,2
DA:53,1
DA:56,1
DA:57,1
DA:62,2
DA:86,2
DA:102,2
DA:110,2
DA:116,2
DA:118,1
DA:126,2
DA:131,22
DA:148,22
LF:19
LH:19
BRDA:21,0,0,0
BRDA:52,1,0,1
BRDA:52,1,1,1
BRDA:56,2,0,1
BRDA:56,2,1,0
BRDA:56,3,0,1
BRDA:56,3,1,1
BRDA:79,4,0,1
BRDA:79,4,1,1
BRDA:90,5,0,1
BRDA:90,5,1,1
BRDA:95,6,0,1
BRDA:95,6,1,1
BRDA:116,7,0,1
BRDA:116,7,1,1
BRF:15
BRH:13
end_of_record
TN:
SF:/Users/tandemseven/T7/t7-components/forms/source/checkbox/checkbox.js
FN:14,(anonymous_0)
FN:26,(anonymous_1)
FN:41,(anonymous_2)
FN:67,(anonymous_3)
FN:88,(anonymous_4)
FN:201,(anonymous_5)
FNF:6
FNH:5
FNDA:2,(anonymous_0)
FNDA:2,(anonymous_1)
FNDA:4,(anonymous_2)
FNDA:1,(anonymous_3)
FNDA:3,(anonymous_4)
FNDA:0,(anonymous_5)
DA:16,2
DA:19,2
DA:22,2
DA:31,2
DA:33,2
DA:43,4
DA:46,4
DA:49,4
DA:52,4
DA:56,1
DA:63,4
DA:71,1
DA:77,1
DA:79,1
DA:84,1
DA:93,3
DA:104,3
DA:107,3
DA:115,3
DA:116,2
DA:117,2
DA:118,2
DA:121,1
DA:122,1
DA:123,1
DA:124,1
DA:128,3
DA:142,3
DA:143,1
DA:147,2
DA:151,3
DA:174,22
DA:197,22
LF:33
LH:33
BRDA:30,0,0,1
BRDA:41,1,0,0
BRDA:41,2,0,0
BRDA:52,3,0,1
BRDA:52,3,1,3
BRDA:53,4,0,4
BRDA:53,4,1,3
BRDA:67,5,0,0
BRDA:70,6,0,0
BRDA:76,7,0,0
BRDA:115,8,0,2
BRDA:115,8,1,1
BRDA:121,9,0,1
BRDA:121,9,1,0
BRDA:142,10,0,1
BRDA:142,10,1,2
BRF:16
BRH:10
end_of_record
TN:
SF:/Users/tandemseven/T7/t7-components/forms/source/input/input.js
FN:19,(anonymous_0)
FN:31,(anonymous_1)
FN:47,(anonymous_2)
FN:76,(anonymous_3)
FN:103,(anonymous_4)
FN:155,(anonymous_5)
FN:183,(anonymous_6)
FN:303,(anonymous_7)
FN:306,(anonymous_8)
FNF:9
FNH:8
FNDA:15,(anonymous_0)
FNDA:15,(anonymous_1)
FNDA:18,(anonymous_2)
FNDA:3,(anonymous_3)
FNDA:3,(anonymous_4)
FNDA:2,(anonymous_5)
FNDA:17,(anonymous_6)
FNDA:0,(anonymous_7)
FNDA:4,(anonymous_8)
DA:21,15
DA:24,15
DA:27,15
DA:37,15
DA:39,15
DA:52,18
DA:55,18
DA:58,18
DA:61,18
DA:65,1
DA:72,18
DA:80,3
DA:83,3
DA:90,3
DA:95,3
DA:96,3
DA:100,3
DA:103,3
DA:105,3
DA:114,3
DA:117,3
DA:123,3
DA:129,3
DA:130,3
DA:134,3
DA:141,3
DA:144,3
DA:145,3
DA:151,3
DA:160,2
DA:165,2
DA:168,2
DA:169,1
DA:173,2
DA:176,2
DA:179,2
DA:188,17
DA:203,17
DA:206,17
DA:209,17
DA:211,17
DA:215,3
DA:219,17
DA:222,17
DA:229,17
DA:247,17
DA:264,22
DA:299,22
DA:307,4
LF:49
LH:49
BRDA:35,0,0,14
BRDA:36,1,0,0
BRDA:47,2,0,0
BRDA:47,3,0,0
BRDA:61,4,0,1
BRDA:61,4,1,17
BRDA:62,5,0,18
BRDA:62,5,1,18
BRDA:76,6,0,0
BRDA:76,7,0,0
BRDA:79,8,0,0
BRDA:90,9,0,3
BRDA:90,9,1,0
BRDA:105,10,0,3
BRDA:105,10,1,0
BRDA:106,11,0,3
BRDA:106,11,1,3
BRDA:106,11,2,3
BRDA:129,12,0,3
BRDA:129,12,1,2
BRDA:130,13,0,3
BRDA:130,13,1,2
BRDA:134,14,0,1
BRDA:134,14,1,2
BRDA:134,15,0,3
BRDA:134,15,1,2
BRDA:144,16,0,3
BRDA:144,16,1,0
BRDA:155,17,0,0
BRDA:159,18,0,0
BRDA:164,19,0,0
BRDA:168,20,0,1
BRDA:168,20,1,1
BRDA:211,21,0,3
BRDA:211,21,1,14
BRDA:212,22,0,17
BRDA:212,22,1,14
BRF:37
BRH:25
end_of_record
TN:
SF:/Users/tandemseven/T7/t7-components/forms/source/input_alphanumeric/input_alphanumeric.js
FN:15,(anonymous_0)
FNF:1
FNH:1
FNDA:1,(anonymous_0)
DA:17,1
LF:1
LH:1
BRF:0
BRH:0
end_of_record
TN:
SF:/Users/tandemseven/T7/t7-components/forms/source/input_date/input_date.js
FN:45,(anonymous_0)
FN:54,(anonymous_1)
FN:83,(anonymous_2)
FN:103,(anonymous_3)
FN:142,(anonymous_4)
FNF:5
FNH:4
FNDA:4,(anonymous_0)
FNDA:4,(anonymous_1)
FNDA:4,(anonymous_2)
FNDA:4,(anonymous_3)
FNDA:0,(anonymous_4)
DA:16,22
DA:17,22
DA:19,22
DA:20,22
DA:22,22
DA:23,22
DA:25,22
DA:26,22
DA:28,22
DA:33,22
DA:38,22
DA:47,4
DA:50,4
DA:56,4
DA:59,4
DA:60,4
DA:64,4
DA:70,4
DA:71,4
DA:74,4
DA:75,2
DA:79,4
DA:85,4
DA:86,4
DA:89,4
DA:92,4
DA:93,4
DA:96,4
DA:99,4
DA:105,4
DA:108,4
DA:111,4
DA:114,4
DA:129,22
DA:138,22
LF:35
LH:35
BRDA:54,0,0,0
BRDA:64,1,0,2
BRDA:64,1,1,2
BRDA:74,2,0,2
BRDA:74,2,1,2
BRF:5
BRH:4
end_of_record
TN:
SF:/Users/tandemseven/T7/t7-components/forms/source/input_date_uk/input_date_uk.js
FN:10,(anonymous_0)
FNF:1
FNH:1
FNDA:1,(anonymous_0)
DA:12,1
LF:1
LH:1
BRF:0
BRH:0
end_of_record
TN:
SF:/Users/tandemseven/T7/t7-components/forms/source/input_date_us/input_date_us.js
FN:10,(anonymous_0)
FNF:1
FNH:1
FNDA:1,(anonymous_0)
DA:12,1
LF:1
LH:1
BRF:0
BRH:0
end_of_record
TN:
SF:/Users/tandemseven/T7/t7-components/forms/source/input_integer/input_integer.js
FN:15,(anonymous_0)
FNF:1
FNH:1
FNDA:1,(anonymous_0)
DA:17,1
LF:1
LH:1
BRF:0
BRH:0
end_of_record
TN:
SF:/Users/tandemseven/T7/t7-components/forms/source/input_money/input_money.js
FN:16,(anonymous_0)
FN:25,(anonymous_1)
FN:44,(anonymous_2)
FN:53,(anonymous_3)
FN:79,(anonymous_4)
FNF:5
FNH:4
FNDA:7,(anonymous_0)
FNDA:1,(anonymous_1)
FNDA:1,(anonymous_2)
FNDA:7,(anonymous_3)
FNDA:0,(anonymous_4)
DA:18,7
DA:21,7
DA:27,1
DA:30,1
DA:31,1
DA:32,1
DA:36,1
DA:37,1
DA:40,1
DA:46,1
DA:49,1
DA:55,7
DA:58,7
DA:69,22
DA:77,22
LF:15
LH:15
BRDA:25,0,0,0
BRDA:30,1,0,1
BRDA:30,1,1,0
BRDA:37,2,0,1
BRDA:37,2,1,0
BRDA:44,3,0,0
BRF:6
BRH:2
end_of_record
TN:
SF:/Users/tandemseven/T7/t7-components/forms/source/input_money_de/input_money_de.js
FN:15,(anonymous_0)
FNF:1
FNH:1
FNDA:1,(anonymous_0)
DA:17,1
LF:1
LH:1
BRF:0
BRH:0
end_of_record
TN:
SF:/Users/tandemseven/T7/t7-components/forms/source/input_money_in/input_money_in.js
FN:15,(anonymous_0)
FNF:1
FNH:1
FNDA:1,(anonymous_0)
DA:17,1
LF:1
LH:1
BRF:0
BRH:0
end_of_record
TN:
SF:/Users/tandemseven/T7/t7-components/forms/source/input_money_jp/input_money_jp.js
FN:15,(anonymous_0)
FNF:1
FNH:1
FNDA:1,(anonymous_0)
DA:17,1
LF:1
LH:1
BRF:0
BRH:0
end_of_record
TN:
SF:/Users/tandemseven/T7/t7-components/forms/source/input_money_kr/input_money_kr.js
FN:15,(anonymous_0)
FNF:1
FNH:1
FNDA:1,(anonymous_0)
DA:17,1
LF:1
LH:1
BRF:0
BRH:0
end_of_record
TN:
SF:/Users/tandemseven/T7/t7-components/forms/source/input_money_uk/input_money_uk.js
FN:15,(anonymous_0)
FNF:1
FNH:1
FNDA:1,(anonymous_0)
DA:17,1
LF:1
LH:1
BRF:0
BRH:0
end_of_record
TN:
SF:/Users/tandemseven/T7/t7-components/forms/source/input_money_us/input_money_us.js
FN:15,(anonymous_0)
FNF:1
FNH:1
FNDA:1,(anonymous_0)
DA:17,1
LF:1
LH:1
BRF:0
BRH:0
end_of_record
TN:
SF:/Users/tandemseven/T7/t7-components/forms/source/input_phone_us/input_phone_us.js
FN:17,(anonymous_0)
FN:26,(anonymous_1)
FN:37,(anonymous_2)
FN:46,(anonymous_3)
FN:72,(anonymous_4)
FNF:5
FNH:4
FNDA:1,(anonymous_0)
FNDA:1,(anonymous_1)
FNDA:1,(anonymous_2)
FNDA:1,(anonymous_3)
FNDA:0,(anonymous_4)
DA:19,1
DA:22,1
DA:27,1
DA:29,1
DA:30,1
DA:33,1
DA:39,1
DA:42,1
DA:48,1
DA:51,1
DA:64,22
DA:70,22
LF:12
LH:12
BRDA:26,0,0,0
BRDA:29,1,0,1
BRDA:29,1,1,0
BRDA:37,2,0,0
BRF:4
BRH:1
end_of_record
TN:
SF:/Users/tandemseven/T7/t7-components/forms/source/label/label.js
FN:9,(anonymous_0)
FNF:1
FNH:1
FNDA:23,(anonymous_0)
DA:15,23
DA:18,23
DA:45,22
LF:3
LH:3
BRF:0
BRH:0
end_of_record
TN:
SF:/Users/tandemseven/T7/t7-components/forms/source/radio/radio.js
FN:10,(anonymous_0)
FNF:1
FNH:1
FNDA:1,(anonymous_0)
DA:12,1
LF:1
LH:1
BRF:0
BRH:0
end_of_record
TN:
SF:/Users/tandemseven/T7/t7-components/forms/source/select/select.js
FN:17,(anonymous_0)
FN:29,(anonymous_1)
FN:44,(anonymous_2)
FN:70,(anonymous_3)
FN:89,(anonymous_4)
FN:94,(anonymous_5)
FN:117,(anonymous_6)
FN:212,(anonymous_7)
FNF:8
FNH:7
FNDA:1,(anonymous_0)
FNDA:1,(anonymous_1)
FNDA:3,(anonymous_2)
FNDA:1,(anonymous_3)
FNDA:2,(anonymous_4)
FNDA:4,(anonymous_5)
FNDA:2,(anonymous_6)
FNDA:0,(anonymous_7)
DA:19,1
DA:22,1
DA:25,1
DA:34,1
DA:36,1
DA:46,3
DA:49,3
DA:52,3
DA:55,3
DA:59,1
DA:66,3
DA:74,1
DA:79,1
DA:82,1
DA:85,1
DA:91,2
DA:94,2
DA:99,4
DA:102,4
DA:113,2
DA:122,2
DA:133,2
DA:136,2
DA:139,2
DA:141,2
DA:142,2
DA:146,2
DA:149,2
DA:156,2
DA:169,2
DA:186,22
DA:208,22
LF:32
LH:32
BRDA:32,0,0,0
BRDA:33,1,0,0
BRDA:44,2,0,0
BRDA:44,3,0,0
BRDA:55,4,0,1
BRDA:55,4,1,2
BRDA:56,5,0,3
BRDA:56,5,1,3
BRDA:70,6,0,0
BRDA:73,7,0,0
BRDA:78,8,0,0
BRDA:94,9,0,0
BRDA:141,10,0,2
BRDA:141,10,1,0
BRF:14
BRH:5
end_of_record
TN:
SF:/Users/tandemseven/T7/t7-components/forms/source/textarea/textarea.js
FN:18,(anonymous_0)
FN:30,(anonymous_1)
FN:45,(anonymous_2)
FN:71,(anonymous_3)
FN:76,(anonymous_4)
FN:101,(anonymous_5)
FN:191,(anonymous_6)
FNF:7
FNH:6
FNDA:1,(anonymous_0)
FNDA:1,(anonymous_1)
FNDA:3,(anonymous_2)
FNDA:1,(anonymous_3)
FNDA:1,(anonymous_4)
FNDA:2,(anonymous_5)
FNDA:0,(anonymous_6)
DA:20,1
DA:23,1
DA:26,1
DA:35,1
DA:37,1
DA:47,3
DA:50,3
DA:53,3
DA:56,3
DA:60,1
DA:67,3
DA:72,1
DA:81,1
DA:86,1
DA:89,1
DA:90,1
DA:94,1
DA:97,1
DA:106,2
DA:118,2
DA:121,2
DA:124,2
DA:131,2
DA:147,2
DA:164,22
DA:189,22
LF:26
LH:26
BRDA:33,0,0,0
BRDA:34,1,0,0
BRDA:45,2,0,0
BRDA:45,3,0,0
BRDA:56,4,0,1
BRDA:56,4,1,2
BRDA:57,5,0,3
BRDA:57,5,1,3
BRDA:76,6,0,0
BRDA:80,7,0,0
BRDA:85,8,0,0
BRDA:89,9,0,1
BRDA:89,9,1,0
BRF:13
BRH:5
end_of_record
TN:
SF:/Users/tandemseven/T7/t7-components/forms/source/textdiv/textdiv.js
FN:23,(anonymous_0)
FN:35,(anonymous_1)
FN:50,(anonymous_2)
FN:76,(anonymous_3)
FN:81,(anonymous_4)
FN:86,(anonymous_5)
FN:92,(anonymous_6)
FN:98,(anonymous_7)
FN:130,(anonymous_8)
FN:252,(anonymous_9)
FNF:10
FNH:9
FNDA:1,(anonymous_0)
FNDA:16,(anonymous_1)
FNDA:2,(anonymous_2)
FNDA:1,(anonymous_3)
FNDA:1,(anonymous_4)
FNDA:1,(anonymous_5)
FNDA:1,(anonymous_6)
FNDA:4,(anonymous_7)
FNDA:1,(anonymous_8)
FNDA:0,(anonymous_9)
DA:25,1
DA:28,1
DA:31,1
DA:40,16
DA:42,16
DA:52,2
DA:55,2
DA:58,2
DA:61,2
DA:65,1
DA:72,2
DA:77,1
DA:82,1
DA:87,1
DA:88,1
DA:93,1
DA:94,1
DA:100,4
DA:105,4
DA:110,4
DA:113,4
DA:116,4
DA:117,1
DA:121,4
DA:122,1
DA:126,4
DA:132,1
DA:143,1
DA:146,1
DA:149,1
DA:155,1
DA:165,1
DA:168,1
DA:175,1
DA:212,1
DA:229,22
DA:250,22
LF:37
LH:37
BRDA:38,0,0,0
BRDA:39,1,0,0
BRDA:50,2,0,0
BRDA:50,3,0,0
BRDA:61,4,0,1
BRDA:61,4,1,1
BRDA:62,5,0,2
BRDA:62,5,1,2
BRDA:98,6,0,0
BRDA:104,7,0,1
BRDA:116,8,0,1
BRDA:116,8,1,3
BRDA:121,9,0,1
BRDA:121,9,1,3
BRDA:150,10,0,1
BRDA:150,10,1,0
BRDA:195,11,0,1
BRDA:195,11,1,0
BRDA:200,12,0,1
BRDA:200,12,1,0
BRDA:206,13,0,1
BRDA:206,13,1,1
BRF:22
BRH:14
end_of_record
